==============================================================
Vitis HLS - High-Level Synthesis from C, C++ and OpenCL v2020.2 (64-bit)
Copyright 1986-2020 Xilinx, Inc. All Rights Reserved.
==============================================================
INFO: [HLS 200-1505] Using flow_target 'vivado'
INFO: [HLS 200-1510] Running: set_part xczu5eg-sfvc784-1-e 
INFO: [HLS 200-10] Setting target device to 'xczu5eg-sfvc784-1-e'
INFO: [HLS 200-1510] Running: create_clock -period 10 -name default 
INFO: [SYN 201-201] Setting up clock 'default' with a period of 10ns.
INFO: [HLS 200-1510] Running: csim_design -clean 
INFO: [SIM 211-2] *************** CSIM start ***************
INFO: [SIM 211-4] CSIM will launch GCC as the compiler.
INFO: [SIM 211-1] CSim done with 0 errors.
INFO: [SIM 211-3] *************** CSIM finish ***************
INFO: [HLS 200-111] Finished Command csim_design CPU user time: 7.09 seconds. CPU system time: 0.77 seconds. Elapsed time: 7.91 seconds; current allocated memory: 205.991 MB.
INFO: [HLS 200-1510] Running: csynth_design 
INFO: [HLS 200-111] Finished File checks and directory preparation: CPU user time: 0.01 seconds. CPU system time: 0 seconds. Elapsed time: 0.02 seconds; current allocated memory: 206.190 MB.
INFO: [HLS 200-10] Analyzing design file 'src/am_accel.cpp' ... 
INFO: [HLS 200-111] Finished Source Code Analysis and Preprocessing: CPU user time: 8.34 seconds. CPU system time: 0.55 seconds. Elapsed time: 8.94 seconds; current allocated memory: 207.864 MB.
INFO: [HLS 200-777] Using interface defaults for 'Vivado' flow target.
INFO: [HLS 214-131] Inlining function 'hls::axis<ap_int<32>, 2ul, 5ul, 6ul>::get_user_ptr()' into 'hls::stream<hls::axis<ap_int<32>, 2ul, 5ul, 6ul>, 0>::read(hls::axis<ap_int<32>, 2ul, 5ul, 6ul>&)' (/tools/Xilinx/Vitis_HLS/2020.2/common/technology/autopilot/ap_axi_sdata.h:283:50)
INFO: [HLS 214-131] Inlining function 'hls::axis<ap_int<32>, 2ul, 5ul, 6ul>::get_dest_ptr()' into 'hls::stream<hls::axis<ap_int<32>, 2ul, 5ul, 6ul>, 0>::read(hls::axis<ap_int<32>, 2ul, 5ul, 6ul>&)' (/tools/Xilinx/Vitis_HLS/2020.2/common/technology/autopilot/ap_axi_sdata.h:286:25)
INFO: [HLS 214-131] Inlining function 'hls::axis<ap_int<32>, 2ul, 5ul, 6ul>::get_id_ptr()' into 'hls::stream<hls::axis<ap_int<32>, 2ul, 5ul, 6ul>, 0>::read(hls::axis<ap_int<32>, 2ul, 5ul, 6ul>&)' (/tools/Xilinx/Vitis_HLS/2020.2/common/technology/autopilot/ap_axi_sdata.h:285:67)
INFO: [HLS 214-131] Inlining function 'hls::axis<ap_int<32>, 2ul, 5ul, 6ul>::get_user_ptr()' into 'hls::stream<hls::axis<ap_int<32>, 2ul, 5ul, 6ul>, 0>::read(hls::axis<ap_int<32>, 2ul, 5ul, 6ul>&)' (/tools/Xilinx/Vitis_HLS/2020.2/common/technology/autopilot/ap_axi_sdata.h:285:36)
INFO: [HLS 214-131] Inlining function 'hls::axis<ap_int<32>, 2ul, 5ul, 6ul>::get_dest_ptr()' into 'hls::stream<hls::axis<ap_int<32>, 2ul, 5ul, 6ul>, 0>::read(hls::axis<ap_int<32>, 2ul, 5ul, 6ul>&)' (/tools/Xilinx/Vitis_HLS/2020.2/common/technology/autopilot/ap_axi_sdata.h:284:39)
INFO: [HLS 214-131] Inlining function 'hls::axis<ap_int<32>, 2ul, 5ul, 6ul>::get_id_ptr()' into 'hls::stream<hls::axis<ap_int<32>, 2ul, 5ul, 6ul>, 0>::read(hls::axis<ap_int<32>, 2ul, 5ul, 6ul>&)' (/tools/Xilinx/Vitis_HLS/2020.2/common/technology/autopilot/ap_axi_sdata.h:284:23)
INFO: [HLS 214-131] Inlining function 'hls::axis<ap_int<32>, 2ul, 5ul, 6ul>::get_user_ptr()' into 'hls::stream<hls::axis<ap_int<32>, 2ul, 5ul, 6ul>, 0>::write(hls::axis<ap_int<32>, 2ul, 5ul, 6ul> const&)' (/tools/Xilinx/Vitis_HLS/2020.2/common/technology/autopilot/ap_axi_sdata.h:304:51)
INFO: [HLS 214-131] Inlining function 'hls::axis<ap_int<32>, 2ul, 5ul, 6ul>::get_dest_ptr()' into 'hls::stream<hls::axis<ap_int<32>, 2ul, 5ul, 6ul>, 0>::write(hls::axis<ap_int<32>, 2ul, 5ul, 6ul> const&)' (/tools/Xilinx/Vitis_HLS/2020.2/common/technology/autopilot/ap_axi_sdata.h:307:26)
INFO: [HLS 214-131] Inlining function 'hls::axis<ap_int<32>, 2ul, 5ul, 6ul>::get_id_ptr()' into 'hls::stream<hls::axis<ap_int<32>, 2ul, 5ul, 6ul>, 0>::write(hls::axis<ap_int<32>, 2ul, 5ul, 6ul> const&)' (/tools/Xilinx/Vitis_HLS/2020.2/common/technology/autopilot/ap_axi_sdata.h:306:68)
INFO: [HLS 214-131] Inlining function 'hls::axis<ap_int<32>, 2ul, 5ul, 6ul>::get_user_ptr()' into 'hls::stream<hls::axis<ap_int<32>, 2ul, 5ul, 6ul>, 0>::write(hls::axis<ap_int<32>, 2ul, 5ul, 6ul> const&)' (/tools/Xilinx/Vitis_HLS/2020.2/common/technology/autopilot/ap_axi_sdata.h:306:37)
INFO: [HLS 214-131] Inlining function 'hls::axis<ap_int<32>, 2ul, 5ul, 6ul>::get_dest_ptr()' into 'hls::stream<hls::axis<ap_int<32>, 2ul, 5ul, 6ul>, 0>::write(hls::axis<ap_int<32>, 2ul, 5ul, 6ul> const&)' (/tools/Xilinx/Vitis_HLS/2020.2/common/technology/autopilot/ap_axi_sdata.h:305:40)
INFO: [HLS 214-131] Inlining function 'hls::axis<ap_int<32>, 2ul, 5ul, 6ul>::get_id_ptr()' into 'hls::stream<hls::axis<ap_int<32>, 2ul, 5ul, 6ul>, 0>::write(hls::axis<ap_int<32>, 2ul, 5ul, 6ul> const&)' (/tools/Xilinx/Vitis_HLS/2020.2/common/technology/autopilot/ap_axi_sdata.h:305:24)
INFO: [HLS 214-131] Inlining function 'hls::stream<hls::axis<ap_int<32>, 2ul, 5ul, 6ul>, 0>::read(hls::axis<ap_int<32>, 2ul, 5ul, 6ul>&)' into 'am_accel(hls::stream<hls::axis<ap_int<32>, 2ul, 5ul, 6ul>, 0>&, hls::stream<hls::axis<ap_int<32>, 2ul, 5ul, 6ul>, 0>&, hls::stream<hls::axis<ap_int<32>, 2ul, 5ul, 6ul>, 0>&)' (src/am_accel.cpp:17:11)
INFO: [HLS 214-131] Inlining function 'hls::stream<hls::axis<ap_int<32>, 2ul, 5ul, 6ul>, 0>::write(hls::axis<ap_int<32>, 2ul, 5ul, 6ul> const&)' into 'am_accel(hls::stream<hls::axis<ap_int<32>, 2ul, 5ul, 6ul>, 0>&, hls::stream<hls::axis<ap_int<32>, 2ul, 5ul, 6ul>, 0>&, hls::stream<hls::axis<ap_int<32>, 2ul, 5ul, 6ul>, 0>&)' (src/am_accel.cpp:26:13)
INFO: [HLS 214-131] Inlining function 'hls::stream<hls::axis<ap_int<32>, 2ul, 5ul, 6ul>, 0>::read(hls::axis<ap_int<32>, 2ul, 5ul, 6ul>&)' into 'am_accel(hls::stream<hls::axis<ap_int<32>, 2ul, 5ul, 6ul>, 0>&, hls::stream<hls::axis<ap_int<32>, 2ul, 5ul, 6ul>, 0>&, hls::stream<hls::axis<ap_int<32>, 2ul, 5ul, 6ul>, 0>&)' (src/am_accel.cpp:18:11)
INFO: [HLS 200-111] Finished Compiling Optimization and Transform: CPU user time: 7.86 seconds. CPU system time: 0.67 seconds. Elapsed time: 8.61 seconds; current allocated memory: 209.147 MB.
INFO: [HLS 200-111] Finished Checking Pragmas: CPU user time: 0 seconds. CPU system time: 0 seconds. Elapsed time: 0 seconds; current allocated memory: 209.149 MB.
INFO: [HLS 200-10] Starting code transformations ...
INFO: [HLS 200-111] Finished Standard Transforms: CPU user time: 0.22 seconds. CPU system time: 0 seconds. Elapsed time: 0.24 seconds; current allocated memory: 217.054 MB.
INFO: [HLS 200-10] Checking synthesizability ...
INFO: [HLS 200-111] Finished Checking Synthesizability: CPU user time: 0.41 seconds. CPU system time: 0.01 seconds. Elapsed time: 0.41 seconds; current allocated memory: 227.966 MB.
INFO: [XFORM 203-502] Unrolling all loops for pipelining in function 'am_accel' (src/am_accel.cpp:16:22).
WARNING: [HLS 200-932] Cannot unroll loop 'VITIS_LOOP_16_1' (src/am_accel.cpp:16) in function 'am_accel' completely: variable loop bound.
INFO: [HLS 200-111] Finished Loop, function and other optimizations: CPU user time: 0.95 seconds. CPU system time: 0.02 seconds. Elapsed time: 0.97 seconds; current allocated memory: 260.154 MB.
INFO: [HLS 200-111] Finished Architecture Synthesis: CPU user time: 0.49 seconds. CPU system time: 0 seconds. Elapsed time: 0.49 seconds; current allocated memory: 257.960 MB.
INFO: [HLS 200-10] Starting hardware synthesis ...
INFO: [HLS 200-10] Synthesizing 'am_accel' ...
INFO: [HLS 200-10] ----------------------------------------------------------------
INFO: [HLS 200-42] -- Implementing module 'am_accel' 
INFO: [HLS 200-10] ----------------------------------------------------------------
INFO: [SCHED 204-11] Starting scheduling ...
WARNING: [SCHED 204-65] Unable to satisfy pipeline directive for function 'am_accel': contains subloop(s) that are not unrolled.
WARNING: [SCHED 204-65] Unable to satisfy pipeline directive for function 'am_accel': contains subloop(s) that are not unrolled.
INFO: [SCHED 204-11] Finished scheduling.
INFO: [HLS 200-111] Finished Scheduling: CPU user time: 0.1 seconds. CPU system time: 0.01 seconds. Elapsed time: 0.1 seconds; current allocated memory: 258.194 MB.
INFO: [BIND 205-100] Starting micro-architecture generation ...
INFO: [BIND 205-101] Performing variable lifetime analysis.
INFO: [BIND 205-101] Exploring resource sharing.
