INFO-FLOW: Workspace /home/danishkb8/Projects/build/am/ip/am_ip/solution1 opened at Thu Aug 08 21:20:57 IST 2024
Execute       send_msg_by_id INFO @200-1505@%s%s  vivado 
INFO: [HLS 200-1505] Using flow_target 'vivado'
Execute       get_config_interface -m_axi_latency 
Execute       get_config_interface -m_axi_alignment_byte_size 
Execute       get_config_interface -m_axi_max_widen_bitwidth 
Execute       get_config_interface -default_interface 
Execute       get_config_interface -m_axi_offset 
Execute       get_config_rtl -register_reset_num 
Execute     set_part xczu5eg-sfvc784-1-e 
INFO: [HLS 200-1510] Running: set_part xczu5eg-sfvc784-1-e 
INFO-FLOW: DBG:set_part: XILINX_VIVADO=/tools/Xilinx/Vivado/2020.2
INFO-FLOW: DBG:set_part: RDI_DATADIR=/tools/Xilinx/Vivado/2020.2/data:/tools/Xilinx/Vitis_HLS/2020.2/data
Execute       ap_part_info -name xczu5eg-sfvc784-1-e -data single -quiet 
DBG:HLSDevice: Trying to load device library: /tools/Xilinx/Vitis_HLS/2020.2/lib/lnx64.o/librdi_hlsvwrap.so
DBG:HLSDevice: first parts/arch.xml in RDI_DATADIR: /tools/Xilinx/Vivado/2020.2/data/parts/arch.xml
Command       ap_part_info done; 4.65 sec.
Execute       ap_part_info -name xczu5eg-sfvc784-1-e -data info 
Execute       add_library xilinx/zynquplus/zynquplus:xczu5eg:-sfvc784:-1-e 
Execute         get_default_platform 
Execute         open_platform DefaultPlatform 
Execute         ap_part_info -data single -name xczu5eg-sfvc784-1-e 
Execute         ap_part_info -name xczu5eg-sfvc784-1-e -data resources 
Execute         config_chip_info -resource {SLICE 14640} {LUT 117120} {FF 234240} {DSP 1248} {BRAM 288} {URAM 64} 
Execute         ap_part_info -name xczu5eg-sfvc784-1-e -data info 
Execute         config_chip_info -speed slow 
Execute         ap_part_info -name xczu5eg-sfvc784-1-e -data info 
Execute         config_library_info -library zynquplus_slow 
Execute         config_library_info -family zynquplus 
Execute         config_library_info -part xczu5eg:-sfvc784:-1-e 
Execute         import_lib /tools/Xilinx/Vitis_HLS/2020.2/common/technology/xilinx/zynquplus/zynquplus 
Execute           source /tools/Xilinx/Vitis_HLS/2020.2/common/technology/xilinx/interface/xilinx_interface.hlp 
Execute             source /tools/Xilinx/Vitis_HLS/2020.2/common/technology/xilinx/interface/maxi.hlp 
Execute             source /tools/Xilinx/Vitis_HLS/2020.2/common/technology/xilinx/interface/saxilite.hlp 
Execute           source /tools/Xilinx/Vitis_HLS/2020.2/common/technology/xilinx/DSP48/dsp48.hlp 
Execute           source /tools/Xilinx/Vitis_HLS/2020.2/common/technology/xilinx/DSP48/zynquplus_dsp48e2.hlp 
Execute         source /tools/Xilinx/Vitis_HLS/2020.2/common/technology/xilinx/common/xilinx.gen 
Execute           source /tools/Xilinx/Vitis_HLS/2020.2/common/technology/xilinx/interface/plb46.gen 
Execute           source /tools/Xilinx/Vitis_HLS/2020.2/common/technology/xilinx/interface/axi4.gen 
Execute           source /tools/Xilinx/Vitis_HLS/2020.2/common/technology/xilinx/interface/nativeAXI4.gen 
Execute             source /tools/Xilinx/Vitis_HLS/2020.2/common/technology/xilinx/interface/saxilite.gen 
Execute             source /tools/Xilinx/Vitis_HLS/2020.2/common/technology/xilinx/interface/maxi.gen 
Execute           source /tools/Xilinx/Vitis_HLS/2020.2/common/technology/xilinx/scripts/xilinxcoregen.gen 
Execute           source /tools/Xilinx/Vitis_HLS/2020.2/common/technology/xilinx/interface/XilEDKCoreGen.gen 
Execute           source /tools/Xilinx/Vitis_HLS/2020.2/common/technology/xilinx/ip/dds_compiler.gen 
Execute           source /tools/Xilinx/Vitis_HLS/2020.2/common/technology/xilinx/ip/util.gen 
Execute           source /tools/Xilinx/Vitis_HLS/2020.2/common/technology/xilinx/ip/xfft.gen 
Command           ap_source done; 0.23 sec.
Execute           source /tools/Xilinx/Vitis_HLS/2020.2/common/technology/xilinx/ip/xfir.gen 
Execute           source /tools/Xilinx/Vitis_HLS/2020.2/common/technology/xilinx/DSP48/dsp48.gen 
Command         ap_source done; 0.3 sec.
Command       add_library done; 0.5 sec.
INFO: [HLS 200-10] Setting target device to 'xczu5eg-sfvc784-1-e'
Execute       ap_part_info -name xczu5eg-sfvc784-1-e -data info 
Execute       config_compile -quiet -complex-mul-dsp=0 
Command     set_part done; 5.27 sec.
Execute     create_clock -period 10 -name default 
INFO: [HLS 200-1510] Running: create_clock -period 10 -name default 
Execute       ap_set_clock -name default -period 10 -default=false 
INFO: [SYN 201-201] Setting up clock 'default' with a period of 10ns.
Execute     csim_design -clean 
INFO: [HLS 200-1510] Running: csim_design -clean 
INFO: [SIM 211-2] *************** CSIM start ***************
INFO: [SIM 211-4] CSIM will launch GCC as the compiler.
Execute       ap_part_info -name xczu5eg-sfvc784-1-e -data info 
Execute       source run_sim.tcl 
INFO: [SIM 211-1] CSim done with 0 errors.
INFO: [SIM 211-3] *************** CSIM finish ***************
Command     csim_design done; 7.91 sec.
INFO: [HLS 200-111] Finished Command csim_design CPU user time: 7.09 seconds. CPU system time: 0.77 seconds. Elapsed time: 7.91 seconds; current allocated memory: 205.991 MB.
Execute     csynth_design 
INFO: [HLS 200-1510] Running: csynth_design 
Execute       get_config_compile -effort 
Execute       get_config_compile -enable_clang39 
Execute       get_config_compile -g 
Execute       get_config_compile -ng 
Execute       get_config_compile -opt_fp 
Execute       get_config_compile -skip_cdt 
Execute       get_config_compile -skip_syncheck 
Execute       get_config_compile -skip_transform 
Execute       get_config_compile -keep_printf 
Execute       elaborate -effort=medium -skip_syncheck=0 -keep_printf=0 -skip_cdt=0 -skip_transform=0 -ng=0 -g=0 -opt_fp=0 -from_csynth_design=1 
INFO: [HLS 200-111] Finished File checks and directory preparation: CPU user time: 0.01 seconds. CPU system time: 0 seconds. Elapsed time: 0.02 seconds; current allocated memory: 206.190 MB.
INFO: [HLS 200-10] Analyzing design file 'src/am_accel.cpp' ... 
INFO-FLOW: Compiling one TU...
Execute         get_config_compile -pragma_strict_mode 
INFO-FLOW: Handling src/am_accel.cpp as C++
Execute         ap_part_info -name xczu5eg-sfvc784-1-e -data info 
INFO-FLOW: Running: GCC PP 39
INFO-FLOW: Source preprocessing
Execute         ap_eval exec -ignorestderr /tools/Xilinx/Vitis_HLS/2020.2/lnx64/tools/clang-3.9-csynth/bin/clang src/am_accel.cpp -foptimization-record-file=/home/danishkb8/Projects/build/am/ip/am_ip/solution1/.autopilot/db/clang.am_accel.cpp.diag.yml -mllvm -pass-remarks-missed=reflow|pasta|unroll -mllvm -pass-remarks=reflow|pasta|unroll|inline -fno-limit-debug-info -gcc-toolchain /tools/Xilinx/Vitis_HLS/2020.2/tps/lnx64/gcc-6.2.0 -fhls -fno-exceptions -E -fno-math-errno -c -emit-llvm -mllvm -disable-llvm-optzns -Werror=implicit-function-declaration -Werror=implicit-hls-streams -Werror=return-type -Wpragmas -Wunused-parameter -fno-threadsafe-statics -fno-use-cxa-atexit -std=gnu++14 -target fpga64-xilinx-linux-gnu -fno-threadsafe-statics -fno-use-cxa-atexit -I /tools/Xilinx/Vitis_HLS/2020.2/common/technology/autopilot/39 -D__VITIS_HLS__ -DAESL_SYN -D__SYNTHESIS__ -D__HLS_SYN__ -I /tools/Xilinx/Vitis_HLS/2020.2/common/technology/autopilot -I /tools/Xilinx/Vitis_HLS/2020.2/common/technology/autopilot/ap_sysc -include etc/autopilot_ssdm_op.h -D__DSP48E2__ -o /home/danishkb8/Projects/build/am/ip/am_ip/solution1/.autopilot/db/am_accel.pp.0.cpp > /home/danishkb8/Projects/build/am/ip/am_ip/solution1/.autopilot/db/clang.am_accel.cpp.out.log 2> /home/danishkb8/Projects/build/am/ip/am_ip/solution1/.autopilot/db/clang.am_accel.cpp.err.log 
Command         ap_eval done; 0.25 sec.
INFO-FLOW: Done: GCC PP 39 time: 0.3 seconds per iteration
Execute         set_directive_top am_accel -name=am_accel 
INFO-FLOW: Setting directive 'TOP' name=am_accel 
INFO-FLOW: Setting directive 'TOP' name=am_accel 
Execute         source /tools/Xilinx/Vitis_HLS/2020.2/tps/tcl/tcllib1.11.1/yaml/huddle.tcl 
Execute         source /tools/Xilinx/Vitis_HLS/2020.2/tps/tcl/tcllib1.11.1/yaml/json2huddle.tcl 
Execute           source /tools/Xilinx/Vitis_HLS/2020.2/tps/tcl/tcllib1.11.1/try/try.tcl 
INFO-FLOW: Setting directive 'TOP' name=am_accel 
Execute         list_core -type functional_unit 
Execute         clang_tidy xilinx-systemc-detector /home/danishkb8/Projects/build/am/ip/am_ip/solution1/.autopilot/db/am_accel.pp.0.cpp std=gnu++14 -target fpga  -directive=/home/danishkb8/Projects/build/am/ip/am_ip/solution1/.autopilot/db/.systemc_flag 
INFO-FLOW: exec /tools/Xilinx/Vitis_HLS/2020.2/lnx64/tools/clang-3.9-csynth/bin/clang-tidy -header-filter=.* --checks=-*,xilinx-systemc-detector -import-directive=/home/danishkb8/Projects/build/am/ip/am_ip/solution1/.autopilot/db/.systemc_flag -fix-errors /home/danishkb8/Projects/build/am/ip/am_ip/solution1/.autopilot/db/am_accel.pp.0.cpp -- -std=gnu++14 -target fpga -fhls -ferror-limit=0
Command         clang_tidy done; 1.22 sec.
INFO-FLOW: Running: clang-tidy CDT preprocess 39
Execute         clang_tidy xilinx-directive2pragma /home/danishkb8/Projects/build/am/ip/am_ip/solution1/.autopilot/db/am_accel.pp.0.cpp std=gnu++14 -target fpga  -directive=/home/danishkb8/Projects/build/am/ip/am_ip/solution1/.autopilot/db/all.directive.json 
INFO-FLOW: exec /tools/Xilinx/Vitis_HLS/2020.2/lnx64/tools/clang-3.9-csynth/bin/clang-tidy -header-filter=.* --checks=-*,xilinx-directive2pragma -import-directive=/home/danishkb8/Projects/build/am/ip/am_ip/solution1/.autopilot/db/all.directive.json -fix-errors /home/danishkb8/Projects/build/am/ip/am_ip/solution1/.autopilot/db/am_accel.pp.0.cpp -- -std=gnu++14 -target fpga -fhls -ferror-limit=0
Command         clang_tidy done; 1.8 sec.
Execute         clang_tidy xilinx-constantarray-param,xilinx-remove-assert /home/danishkb8/Projects/build/am/ip/am_ip/solution1/.autopilot/db/am_accel.pp.0.cpp std=gnu++14 -target fpga  
INFO-FLOW: exec /tools/Xilinx/Vitis_HLS/2020.2/lnx64/tools/clang-3.9-csynth/bin/clang-tidy -header-filter=.* --checks=-*,xilinx-constantarray-param,xilinx-remove-assert -fix-errors /home/danishkb8/Projects/build/am/ip/am_ip/solution1/.autopilot/db/am_accel.pp.0.cpp -- -std=gnu++14 -target fpga -fhls -ferror-limit=0
Command         clang_tidy done; 1.25 sec.
INFO-FLOW: Done: clang-tidy CDT preprocess 39 time: 3.1 seconds per iteration
INFO-FLOW: Calling xilinx-label-all-loops ... 
Execute         clang_tidy -errorcheck xilinx-label-all-loops,xilinx-top-parameters,xilinx-array-stream-check,xilinx-warn-mayneed-no-ctor-attribute /home/danishkb8/Projects/build/am/ip/am_ip/solution1/.autopilot/db/am_accel.pp.0.cpp std=gnu++14 -target fpga  
Execute           ap_eval exec -ignorestderr /tools/Xilinx/Vitis_HLS/2020.2/lnx64/tools/clang-3.9-csynth/bin/clang-tidy -export-fixes=/home/danishkb8/Projects/build/am/ip/am_ip/solution1/.autopilot/db/clang-tidy.am_accel.pp.0.cpp.diag.yml -header-filter=.* --checks=-*,xilinx-label-all-loops,xilinx-top-parameters,xilinx-array-stream-check,xilinx-warn-mayneed-no-ctor-attribute -fix-errors /home/danishkb8/Projects/build/am/ip/am_ip/solution1/.autopilot/db/am_accel.pp.0.cpp -- -std=gnu++14 -target fpga -fhls -ferror-limit=0 > /home/danishkb8/Projects/build/am/ip/am_ip/solution1/.autopilot/db/clang-tidy.am_accel.pp.0.cpp.out.log 2> /home/danishkb8/Projects/build/am/ip/am_ip/solution1/.autopilot/db/clang-tidy.am_accel.pp.0.cpp.err.log 
Command           ap_eval done; 1.77 sec.
Execute           source /tools/Xilinx/Vitis_HLS/2020.2/tps/tcl/tcllib1.11.1/yaml/yaml.tcl 
Execute             source /tools/Xilinx/Vitis_HLS/2020.2/tps/tcl/tcllib1.11.1/cmdline/cmdline.tcl 
Command         clang_tidy done; 1.86 sec.
Execute         get_config_dataflow -strict_mode 
Execute         ap_eval exec -ignorestderr /tools/Xilinx/Vitis_HLS/2020.2/lnx64/tools/clang-3.9-csynth/bin/xilinx-dataflow-lawyer -export-fixes=/home/danishkb8/Projects/build/am/ip/am_ip/solution1/.autopilot/db/xilinx-dataflow-lawyer.am_accel.pp.0.cpp.diag.yml /home/danishkb8/Projects/build/am/ip/am_ip/solution1/.autopilot/db/am_accel.pp.0.cpp -- -std=gnu++14 -target fpga -fhls -ferror-limit=0 -fstrict-dataflow > /home/danishkb8/Projects/build/am/ip/am_ip/solution1/.autopilot/db/xilinx-dataflow-lawyer.am_accel.pp.0.cpp.out.log 2> /home/danishkb8/Projects/build/am/ip/am_ip/solution1/.autopilot/db/xilinx-dataflow-lawyer.am_accel.pp.0.cpp.err.log 
Command         ap_eval done; 1.26 sec.
Execute         ap_part_info -name xczu5eg-sfvc784-1-e -data info 
INFO-FLOW: compiling source code to llvm bc
Execute         ap_eval exec -ignorestderr /tools/Xilinx/Vitis_HLS/2020.2/lnx64/tools/clang-3.9-csynth/bin/clang -foptimization-record-file=/home/danishkb8/Projects/build/am/ip/am_ip/solution1/.autopilot/db/clang.am_accel.pp.0.cpp.diag.yml -mllvm -pass-remarks-missed=reflow|pasta|unroll -mllvm -pass-remarks=reflow|pasta|unroll|inline -fno-limit-debug-info -fhls -flto -fno-exceptions -Wno-error=c++11-narrowing /home/danishkb8/Projects/build/am/ip/am_ip/solution1/.autopilot/db/am_accel.pp.0.cpp -fno-math-errno -c -emit-llvm -mllvm -disable-llvm-optzns -Werror=implicit-function-declaration -Werror=implicit-hls-streams -Werror=return-type -Wpragmas -Wunused-parameter -fno-threadsafe-statics -fno-use-cxa-atexit -std=gnu++14 -target fpga64-xilinx-linux-gnu -D__VITIS_HLS__ -DAESL_SYN -D__SYNTHESIS__ -D__HLS_SYN__ -I /tools/Xilinx/Vitis_HLS/2020.2/common/technology/autopilot -I /tools/Xilinx/Vitis_HLS/2020.2/common/technology/autopilot/ap_sysc -include etc/autopilot_ssdm_op.h -D__DSP48E2__ -g -o /home/danishkb8/Projects/build/am/ip/am_ip/solution1/.autopilot/db/am_accel.bc > /home/danishkb8/Projects/build/am/ip/am_ip/solution1/.autopilot/db/clang.am_accel.pp.0.cpp.out.log 2> /home/danishkb8/Projects/build/am/ip/am_ip/solution1/.autopilot/db/clang.am_accel.pp.0.cpp.err.log 
Command         ap_eval done; 1.11 sec.
INFO: [HLS 200-111] Finished Source Code Analysis and Preprocessing: CPU user time: 8.34 seconds. CPU system time: 0.55 seconds. Elapsed time: 8.94 seconds; current allocated memory: 207.864 MB.
INFO-FLOW: Linking Debug ...
INFO-FLOW: Linking dut bc code.
Execute         run_link_or_opt -out /home/danishkb8/Projects/build/am/ip/am_ip/solution1/.autopilot/db/a.g.ld.0.bc -args  "/home/danishkb8/Projects/build/am/ip/am_ip/solution1/.autopilot/db/am_accel.g.bc"  
Execute           ap_eval exec -ignorestderr /tools/Xilinx/Vitis_HLS/2020.2/lnx64/tools/clang-3.9-csynth/bin/llvm-link /home/danishkb8/Projects/build/am/ip/am_ip/solution1/.autopilot/db/am_accel.g.bc -o /home/danishkb8/Projects/build/am/ip/am_ip/solution1/.autopilot/db/a.g.ld.0.bc > /home/danishkb8/Projects/build/am/ip/am_ip/solution1/.autopilot/db/llvm-link.a.g.ld.0.bc.out.log 2> /home/danishkb8/Projects/build/am/ip/am_ip/solution1/.autopilot/db/llvm-link.a.g.ld.0.bc.err.log 
INFO-FLOW: 
Execute         run_link_or_opt -opt -out /home/danishkb8/Projects/build/am/ip/am_ip/solution1/.autopilot/db/a.g.ld.1.lower.bc -args /home/danishkb8/Projects/build/am/ip/am_ip/solution1/.autopilot/db/a.g.ld.0.bc -reflow-lower-math-intrinsics 
Execute           ap_eval exec -ignorestderr /tools/Xilinx/Vitis_HLS/2020.2/lnx64/tools/clang-3.9-csynth/bin/opt -pass-remarks-missed=reflow|pasta|unroll -pass-remarks=reflow|pasta|unroll|inline -pass-remarks-output=/home/danishkb8/Projects/build/am/ip/am_ip/solution1/.autopilot/db/opt.a.g.ld.1.lower.bc.diag.yml /home/danishkb8/Projects/build/am/ip/am_ip/solution1/.autopilot/db/a.g.ld.0.bc -reflow-lower-math-intrinsics -o /home/danishkb8/Projects/build/am/ip/am_ip/solution1/.autopilot/db/a.g.ld.1.lower.bc > /home/danishkb8/Projects/build/am/ip/am_ip/solution1/.autopilot/db/opt.a.g.ld.1.lower.bc.out.log 2> /home/danishkb8/Projects/build/am/ip/am_ip/solution1/.autopilot/db/opt.a.g.ld.1.lower.bc.err.log 
INFO-FLOW: 
INFO-FLOW: Linking math bc lib
Execute         run_link_or_opt -out /home/danishkb8/Projects/build/am/ip/am_ip/solution1/.autopilot/db/a.g.ld.2.m1.bc -args /home/danishkb8/Projects/build/am/ip/am_ip/solution1/.autopilot/db/a.g.ld.1.lower.bc -only-needed /tools/Xilinx/Vitis_HLS/2020.2/lnx64/lib/libhlsm_39.bc /tools/Xilinx/Vitis_HLS/2020.2/lnx64/lib/libhlsmc++_39.bc 
Execute           ap_eval exec -ignorestderr /tools/Xilinx/Vitis_HLS/2020.2/lnx64/tools/clang-3.9-csynth/bin/llvm-link /home/danishkb8/Projects/build/am/ip/am_ip/solution1/.autopilot/db/a.g.ld.1.lower.bc -only-needed /tools/Xilinx/Vitis_HLS/2020.2/lnx64/lib/libhlsm_39.bc /tools/Xilinx/Vitis_HLS/2020.2/lnx64/lib/libhlsmc++_39.bc -o /home/danishkb8/Projects/build/am/ip/am_ip/solution1/.autopilot/db/a.g.ld.2.m1.bc > /home/danishkb8/Projects/build/am/ip/am_ip/solution1/.autopilot/db/llvm-link.a.g.ld.2.m1.bc.out.log 2> /home/danishkb8/Projects/build/am/ip/am_ip/solution1/.autopilot/db/llvm-link.a.g.ld.2.m1.bc.err.log 
Command           ap_eval done; 5.27 sec.
INFO-FLOW: 
Command         run_link_or_opt done; 5.28 sec.
Execute         run_link_or_opt -opt -out /home/danishkb8/Projects/build/am/ip/am_ip/solution1/.autopilot/db/a.g.ld.3.fpc.bc -args /home/danishkb8/Projects/build/am/ip/am_ip/solution1/.autopilot/db/a.g.ld.2.m1.bc -reflow-globaldce -hls-top-function-name=am_accel -reflow-float-conversion 
Execute           ap_eval exec -ignorestderr /tools/Xilinx/Vitis_HLS/2020.2/lnx64/tools/clang-3.9-csynth/bin/opt -pass-remarks-missed=reflow|pasta|unroll -pass-remarks=reflow|pasta|unroll|inline -pass-remarks-output=/home/danishkb8/Projects/build/am/ip/am_ip/solution1/.autopilot/db/opt.a.g.ld.3.fpc.bc.diag.yml /home/danishkb8/Projects/build/am/ip/am_ip/solution1/.autopilot/db/a.g.ld.2.m1.bc -reflow-globaldce -hls-top-function-name=am_accel -reflow-float-conversion -o /home/danishkb8/Projects/build/am/ip/am_ip/solution1/.autopilot/db/a.g.ld.3.fpc.bc > /home/danishkb8/Projects/build/am/ip/am_ip/solution1/.autopilot/db/opt.a.g.ld.3.fpc.bc.out.log 2> /home/danishkb8/Projects/build/am/ip/am_ip/solution1/.autopilot/db/opt.a.g.ld.3.fpc.bc.err.log 
Command           ap_eval done; 1.97 sec.
INFO-FLOW: 
Command         run_link_or_opt done; 1.97 sec.
Execute         run_link_or_opt -out /home/danishkb8/Projects/build/am/ip/am_ip/solution1/.autopilot/db/a.g.ld.4.m2.bc -args /home/danishkb8/Projects/build/am/ip/am_ip/solution1/.autopilot/db/a.g.ld.3.fpc.bc -only-needed /tools/Xilinx/Vitis_HLS/2020.2/lnx64/lib/libfloatconversion_39.bc 
Execute           ap_eval exec -ignorestderr /tools/Xilinx/Vitis_HLS/2020.2/lnx64/tools/clang-3.9-csynth/bin/llvm-link /home/danishkb8/Projects/build/am/ip/am_ip/solution1/.autopilot/db/a.g.ld.3.fpc.bc -only-needed /tools/Xilinx/Vitis_HLS/2020.2/lnx64/lib/libfloatconversion_39.bc -o /home/danishkb8/Projects/build/am/ip/am_ip/solution1/.autopilot/db/a.g.ld.4.m2.bc > /home/danishkb8/Projects/build/am/ip/am_ip/solution1/.autopilot/db/llvm-link.a.g.ld.4.m2.bc.out.log 2> /home/danishkb8/Projects/build/am/ip/am_ip/solution1/.autopilot/db/llvm-link.a.g.ld.4.m2.bc.err.log 
Command           ap_eval done; 0.18 sec.
INFO-FLOW: 
Command         run_link_or_opt done; 0.19 sec.
Execute         run_link_or_opt -opt -out /home/danishkb8/Projects/build/am/ip/am_ip/solution1/.autopilot/db/a.g.ld.5.gdce.bc -args /home/danishkb8/Projects/build/am/ip/am_ip/solution1/.autopilot/db/a.g.ld.4.m2.bc -reflow-globaldce -hls-top-function-name=am_accel 
Execute           ap_eval exec -ignorestderr /tools/Xilinx/Vitis_HLS/2020.2/lnx64/tools/clang-3.9-csynth/bin/opt -pass-remarks-missed=reflow|pasta|unroll -pass-remarks=reflow|pasta|unroll|inline -pass-remarks-output=/home/danishkb8/Projects/build/am/ip/am_ip/solution1/.autopilot/db/opt.a.g.ld.5.gdce.bc.diag.yml /home/danishkb8/Projects/build/am/ip/am_ip/solution1/.autopilot/db/a.g.ld.4.m2.bc -reflow-globaldce -hls-top-function-name=am_accel -o /home/danishkb8/Projects/build/am/ip/am_ip/solution1/.autopilot/db/a.g.ld.5.gdce.bc > /home/danishkb8/Projects/build/am/ip/am_ip/solution1/.autopilot/db/opt.a.g.ld.5.gdce.bc.out.log 2> /home/danishkb8/Projects/build/am/ip/am_ip/solution1/.autopilot/db/opt.a.g.ld.5.gdce.bc.err.log 
INFO-FLOW: 
Execute         get_solution -flow_target 
Execute         get_config_export -xo 
Execute         get_config_export -format 
Execute         get_config_rtl -module_prefix 
Execute         get_config_interface -default_slave_interface 
Execute         get_solution -flow_target 
Execute         get_config_export -xo 
Execute         get_config_export -format 
Execute         get_config_interface -m_axi_offset 
Execute         get_config_interface -m_axi_latency 
Execute         get_config_interface -m_axi_alignment_byte_size 
Execute         get_config_interface -m_axi_min_bitwidth 
Execute         get_config_interface -m_axi_max_bitwidth 
Execute         get_config_interface -m_axi_max_widen_bitwidth 
Execute         get_config_interface -m_axi_num_read_outstanding 
Execute         get_config_interface -m_axi_num_write_outstanding 
Execute         get_config_interface -m_axi_max_read_burst_length 
Execute         get_config_interface -m_axi_max_write_burst_length 
Execute         get_config_interface -m_axi_min_bitwidth 
Execute         get_config_interface -m_axi_max_bitwidth 
Execute         get_config_interface -m_axi_latency 
Execute         get_config_interface -m_axi_min_bitwidth 
Execute         get_config_interface -m_axi_max_bitwidth 
Execute         get_config_interface -m_axi_max_widen_bitwidth 
Execute         get_config_interface -m_axi_auto_max_ports 
Execute         get_config_interface -m_axi_num_read_outstanding 
Execute         get_config_interface -m_axi_num_write_outstanding 
Execute         get_config_interface -m_axi_max_read_burst_length 
Execute         get_config_interface -m_axi_max_write_burst_length 
Execute         get_config_interface -s_axilite_data64 
Execute         get_config_interface -m_axi_alignment_byte_size 
Execute         get_config_compile -pragma_strict_mode 
Execute         get_config_compile -pipeline_style 
Execute         send_msg_by_id INFO @200-777@%s Vivado 
INFO: [HLS 200-777] Using interface defaults for 'Vivado' flow target.
Execute         is_m_axi_addr64 
INFO-FLOW: Doing LTO.
Execute         ap_eval exec -ignorestderr /tools/Xilinx/Vitis_HLS/2020.2/lnx64/tools/clang-3.9-csynth/bin/clang -foptimization-record-file=/home/danishkb8/Projects/build/am/ip/am_ip/solution1/.autopilot/db/clang.a.g.ld.0.bc.diag.yml -mllvm -pass-remarks-missed=reflow|pasta|unroll -mllvm -pass-remarks=reflow|pasta|unroll|inline -fhls -mllvm -hls-top-function-name=am_accel -mllvm -hls-db-dir -mllvm /home/danishkb8/Projects/build/am/ip/am_ip/solution1/.autopilot/db -emit-llvm -c -target fpga64-xilinx-none -mllvm -xcl-xmlinfo=/home/danishkb8/Projects/build/am/ip/am_ip/solution1/.autopilot/db/kernel.internal.xml -mllvm -top-io-mapping-info=/home/danishkb8/Projects/build/am/ip/am_ip/solution1/.autopilot/db/top-io-fe.xml -mllvm -hls-bitcode-version=3.1 -mllvm -reflow-enable-slave-interface-default-setting=true -mllvm -gen-kernel-xml=false -mllvm -default-maxi-offset=off -mllvm -maxi-latency=0 -mllvm -hls-maxi-data-size-in-bits=8 -mllvm -hls-maxi-max-data-size-in-bits=1024 -mllvm -hls-max-widen-size-in-bits=0 -mllvm -xcl-kernel-max-mem-ports=0 -mllvm -maxi-read-trans=16 -mllvm -maxi-write-trans=16 -mllvm -maxi-read-burst-len=16 -mllvm -maxi-write-burst-len=16 -mllvm -reflow-enable-saxi-64bits=0 -mllvm -assume-maxi-align=0 -mllvm -no-unaligned-maxi-accesses -mllvm -reflow-pipeline-style-llvm-setting=0 -mllvm -disable-inlined-alloca-merging=true -x ir /home/danishkb8/Projects/build/am/ip/am_ip/solution1/.autopilot/db/a.g.ld.5.gdce.bc -o /home/danishkb8/Projects/build/am/ip/am_ip/solution1/.autopilot/db/a.g.lto.bc > /home/danishkb8/Projects/build/am/ip/am_ip/solution1/.autopilot/db/clang.a.g.ld.0.bc.out.log 2> /home/danishkb8/Projects/build/am/ip/am_ip/solution1/.autopilot/db/clang.a.g.ld.0.bc.err.log 
Command         ap_eval done; 0.4 sec.
INFO: [HLS 214-131] Inlining function 'hls::axis<ap_int<32>, 2ul, 5ul, 6ul>::get_user_ptr()' into 'hls::stream<hls::axis<ap_int<32>, 2ul, 5ul, 6ul>, 0>::read(hls::axis<ap_int<32>, 2ul, 5ul, 6ul>&)' (/tools/Xilinx/Vitis_HLS/2020.2/common/technology/autopilot/ap_axi_sdata.h:283:50)
INFO: [HLS 214-131] Inlining function 'hls::axis<ap_int<32>, 2ul, 5ul, 6ul>::get_dest_ptr()' into 'hls::stream<hls::axis<ap_int<32>, 2ul, 5ul, 6ul>, 0>::read(hls::axis<ap_int<32>, 2ul, 5ul, 6ul>&)' (/tools/Xilinx/Vitis_HLS/2020.2/common/technology/autopilot/ap_axi_sdata.h:286:25)
INFO: [HLS 214-131] Inlining function 'hls::axis<ap_int<32>, 2ul, 5ul, 6ul>::get_id_ptr()' into 'hls::stream<hls::axis<ap_int<32>, 2ul, 5ul, 6ul>, 0>::read(hls::axis<ap_int<32>, 2ul, 5ul, 6ul>&)' (/tools/Xilinx/Vitis_HLS/2020.2/common/technology/autopilot/ap_axi_sdata.h:285:67)
INFO: [HLS 214-131] Inlining function 'hls::axis<ap_int<32>, 2ul, 5ul, 6ul>::get_user_ptr()' into 'hls::stream<hls::axis<ap_int<32>, 2ul, 5ul, 6ul>, 0>::read(hls::axis<ap_int<32>, 2ul, 5ul, 6ul>&)' (/tools/Xilinx/Vitis_HLS/2020.2/common/technology/autopilot/ap_axi_sdata.h:285:36)
INFO: [HLS 214-131] Inlining function 'hls::axis<ap_int<32>, 2ul, 5ul, 6ul>::get_dest_ptr()' into 'hls::stream<hls::axis<ap_int<32>, 2ul, 5ul, 6ul>, 0>::read(hls::axis<ap_int<32>, 2ul, 5ul, 6ul>&)' (/tools/Xilinx/Vitis_HLS/2020.2/common/technology/autopilot/ap_axi_sdata.h:284:39)
INFO: [HLS 214-131] Inlining function 'hls::axis<ap_int<32>, 2ul, 5ul, 6ul>::get_id_ptr()' into 'hls::stream<hls::axis<ap_int<32>, 2ul, 5ul, 6ul>, 0>::read(hls::axis<ap_int<32>, 2ul, 5ul, 6ul>&)' (/tools/Xilinx/Vitis_HLS/2020.2/common/technology/autopilot/ap_axi_sdata.h:284:23)
INFO: [HLS 214-131] Inlining function 'hls::axis<ap_int<32>, 2ul, 5ul, 6ul>::get_user_ptr()' into 'hls::stream<hls::axis<ap_int<32>, 2ul, 5ul, 6ul>, 0>::write(hls::axis<ap_int<32>, 2ul, 5ul, 6ul> const&)' (/tools/Xilinx/Vitis_HLS/2020.2/common/technology/autopilot/ap_axi_sdata.h:304:51)
INFO: [HLS 214-131] Inlining function 'hls::axis<ap_int<32>, 2ul, 5ul, 6ul>::get_dest_ptr()' into 'hls::stream<hls::axis<ap_int<32>, 2ul, 5ul, 6ul>, 0>::write(hls::axis<ap_int<32>, 2ul, 5ul, 6ul> const&)' (/tools/Xilinx/Vitis_HLS/2020.2/common/technology/autopilot/ap_axi_sdata.h:307:26)
INFO: [HLS 214-131] Inlining function 'hls::axis<ap_int<32>, 2ul, 5ul, 6ul>::get_id_ptr()' into 'hls::stream<hls::axis<ap_int<32>, 2ul, 5ul, 6ul>, 0>::write(hls::axis<ap_int<32>, 2ul, 5ul, 6ul> const&)' (/tools/Xilinx/Vitis_HLS/2020.2/common/technology/autopilot/ap_axi_sdata.h:306:68)
INFO: [HLS 214-131] Inlining function 'hls::axis<ap_int<32>, 2ul, 5ul, 6ul>::get_user_ptr()' into 'hls::stream<hls::axis<ap_int<32>, 2ul, 5ul, 6ul>, 0>::write(hls::axis<ap_int<32>, 2ul, 5ul, 6ul> const&)' (/tools/Xilinx/Vitis_HLS/2020.2/common/technology/autopilot/ap_axi_sdata.h:306:37)
INFO: [HLS 214-131] Inlining function 'hls::axis<ap_int<32>, 2ul, 5ul, 6ul>::get_dest_ptr()' into 'hls::stream<hls::axis<ap_int<32>, 2ul, 5ul, 6ul>, 0>::write(hls::axis<ap_int<32>, 2ul, 5ul, 6ul> const&)' (/tools/Xilinx/Vitis_HLS/2020.2/common/technology/autopilot/ap_axi_sdata.h:305:40)
INFO: [HLS 214-131] Inlining function 'hls::axis<ap_int<32>, 2ul, 5ul, 6ul>::get_id_ptr()' into 'hls::stream<hls::axis<ap_int<32>, 2ul, 5ul, 6ul>, 0>::write(hls::axis<ap_int<32>, 2ul, 5ul, 6ul> const&)' (/tools/Xilinx/Vitis_HLS/2020.2/common/technology/autopilot/ap_axi_sdata.h:305:24)
INFO: [HLS 214-131] Inlining function 'hls::stream<hls::axis<ap_int<32>, 2ul, 5ul, 6ul>, 0>::read(hls::axis<ap_int<32>, 2ul, 5ul, 6ul>&)' into 'am_accel(hls::stream<hls::axis<ap_int<32>, 2ul, 5ul, 6ul>, 0>&, hls::stream<hls::axis<ap_int<32>, 2ul, 5ul, 6ul>, 0>&, hls::stream<hls::axis<ap_int<32>, 2ul, 5ul, 6ul>, 0>&)' (src/am_accel.cpp:17:11)
INFO: [HLS 214-131] Inlining function 'hls::stream<hls::axis<ap_int<32>, 2ul, 5ul, 6ul>, 0>::write(hls::axis<ap_int<32>, 2ul, 5ul, 6ul> const&)' into 'am_accel(hls::stream<hls::axis<ap_int<32>, 2ul, 5ul, 6ul>, 0>&, hls::stream<hls::axis<ap_int<32>, 2ul, 5ul, 6ul>, 0>&, hls::stream<hls::axis<ap_int<32>, 2ul, 5ul, 6ul>, 0>&)' (src/am_accel.cpp:26:13)
INFO: [HLS 214-131] Inlining function 'hls::stream<hls::axis<ap_int<32>, 2ul, 5ul, 6ul>, 0>::read(hls::axis<ap_int<32>, 2ul, 5ul, 6ul>&)' into 'am_accel(hls::stream<hls::axis<ap_int<32>, 2ul, 5ul, 6ul>, 0>&, hls::stream<hls::axis<ap_int<32>, 2ul, 5ul, 6ul>, 0>&, hls::stream<hls::axis<ap_int<32>, 2ul, 5ul, 6ul>, 0>&)' (src/am_accel.cpp:18:11)
INFO-FLOW: DBG:CMD: copy_raw_kernel_xml ap_link_39: kernel.xml not generated: /home/danishkb8/Projects/build/am/ip/am_ip/solution1/.autopilot/db/kernel.internal.xml
INFO: [HLS 200-111] Finished Compiling Optimization and Transform: CPU user time: 7.86 seconds. CPU system time: 0.67 seconds. Elapsed time: 8.61 seconds; current allocated memory: 209.147 MB.
INFO: [HLS 200-111] Finished Checking Pragmas: CPU user time: 0 seconds. CPU system time: 0 seconds. Elapsed time: 0 seconds; current allocated memory: 209.149 MB.
Execute         opt_and_import_c a -opt_level=2 -skip_syncheck=0 -ng=0 -keep_printf=0 
Execute           cleanup_all_models 
INFO: [HLS 200-10] Starting code transformations ...
INFO-FLOW: Running Standard Transforms...
Execute           transform -hls -share-std-xform -demangle-name -inline-byval-memcpy -always-inline -promote-dbg-pointer -interface-preproc -mem2reg -scalarrepl -mem2reg -keep-read-access -instcombine -dce -promote-dbg-pointer -bitop-raise -loop-simplify -indvarspre -indvars -loop-simplify -xunroll -constprop -instcombine -simplifycfg -indvars -simplifycfg -dce -globaldce -basicaa -simplifycfg -mem2reg -globalopt -global-constprop -deadargelim -instcombine -simplifycfg -scalarrepl -instcombine -reassociate -licm -simplifycfg -loop-simplify -indvars -instcombine -simplifycfg -mem2reg -loop-simplify -indvars -instcombine -gvn -gvn -instcombine -adce -break-crit-edges -simplifycfg -loop-delete -global-array-opt -dce -dse -adce -find-syn-modules -top am_accel -deadargelim -mem2reg -instcombine -dce -presyn-prepare -auto-rom-infer -interface-preproc -syn-check -check-rec-only -find-region -simplifycfg -func-extr -function-inline -globaldce -mem2reg -instcombine -dce -gvn -globaldce -adce -adse -constprop -instcombine -bit-constprop -instcombine -dce -simplifycfg -bitop-raise -simplifycfg -dce -loop-delete -reassociate -globalopt -global-privatize -mem2reg -dce -global-constprop -pointer-simplify -constprop -dce -func-inst -deadargelim -auto-shift-reg-idiom -promote-dbg-pointer -norm-name /home/danishkb8/Projects/build/am/ip/am_ip/solution1/.autopilot/db/a.g.0.bc -o /home/danishkb8/Projects/build/am/ip/am_ip/solution1/.autopilot/db/a.g.1.bc -f -phase std-opt 
Command           transform done; 0.23 sec.
INFO: [HLS 200-111] Finished Standard Transforms: CPU user time: 0.22 seconds. CPU system time: 0 seconds. Elapsed time: 0.24 seconds; current allocated memory: 217.054 MB.
INFO: [HLS 200-10] Checking synthesizability ...
INFO-FLOW: Checking Synthesizability 1/2..
Execute           transform -hls -syn-check -check-rec-only -disaggr -scalarrepl -norm-name -dce -mem2reg -instcombine -function-uniquify -directive-preproc -mem2reg -dse -dce -auto-rom-infer -dce -pag -array-normalize -instcombine -dce -array-seg-normalize -instcombine -dce -data-pack -instcombine -dce -inst-simplify -array-flatten -instcombine -dce -array-burst -dce -deadargelim -promote-global-argument -simplifycfg -mem2reg -globaldce -dce -deadargelim -dce -instcombine -function-inline -globaldce -dce -doublePtrSimplify -doublePtrElim -dce -doublePtrSimplify -promote-dbg-pointer -dce -scalarrepl -dse -adse -instcombine -ptrLegalization -simplifycfg -dce -instcombine -pointer-simplify -ptrArgReplace -dce -instcombine -resolve-double-ptr -disaggr -scalarrepl -norm-name -dce -mem2reg -instcombine -ptrLegalization -simplifycfg -deadargelim -instcombine -dce -inst-simplify -function-uniquify -directive-preproc -mem2reg -dse -dce -globaldce -check-dspbuiltin /home/danishkb8/Projects/build/am/ip/am_ip/solution1/.autopilot/db/a.g.1.bc -o /home/danishkb8/Projects/build/am/ip/am_ip/solution1/.autopilot/db/a.g.2.prechk.bc -f 
Command           transform done; 0.27 sec.
INFO-FLOW: Checking Synthesizability 2/2..
Execute           transform -syn-check /home/danishkb8/Projects/build/am/ip/am_ip/solution1/.autopilot/db/a.g.2.prechk.bc -o /home/danishkb8/Projects/build/am/ip/am_ip/solution1/.autopilot/db/a.g.2.bc -f -phase syn-check 
Command           transform done; 0.14 sec.
INFO: [HLS 200-111] Finished Checking Synthesizability: CPU user time: 0.41 seconds. CPU system time: 0.01 seconds. Elapsed time: 0.41 seconds; current allocated memory: 227.966 MB.
INFO-FLOW: Compiler optimizing ...
INFO-FLOW: Share syncheck's 1.bc for syn flow: copy /home/danishkb8/Projects/build/am/ip/am_ip/solution1/.autopilot/db/a.g.1.bc to /home/danishkb8/Projects/build/am/ip/am_ip/solution1/.autopilot/db/a.o.1.bc
INFO-FLOW: Presyn 1...
Execute           transform -hls -tmp /home/danishkb8/Projects/build/am/ip/am_ip/solution1/.autopilot/db -interface-port-rename -function-uniquify -directive-preproc -mem2reg -dse -dce -disaggr -scalarrepl -norm-name -deadargelim -mem2reg -instcombine -dce -simplifycfg -auto-rom-infer -dce -function-uniquify -resource-proc -clib-intrinsic-prepare -dce -func-buffer -dce -pag -array-normalize -func-legal -instcombine -gvn -constprop -dce -simplifycfg -mem2reg -globaldce -resolve-double-ptr -dce -deadargelim -dce -instcombine -ptrArgReplace -mem2reg -dce -array-seg-normalize -deadargelim -instcombine -dce -function-uniquify -directive-preproc -mem2reg -dse -dce -pointer-simplify -dce -port-alignment -dce -interface-preproc -data-pack -instcombine -dce -basicaa -aggr-aa -aggrmodref-aa -aggr-aa -gvn -gvn -basicaa -aggr-aa -aggrmodref-aa -aggr-aa -dse -adse -adce -loop-simplify -indvars -instcombine -gvn -loop-simplify -mem2reg -dce -find-region -instcombine -auto-loop-pipeline -inst-simplify -interface-preproc -cfgopt -instcombine -indvars -auto-loop-unroll -loop-simplify -loop-bound -xunroll -constprop -instcombine -simplifycfg -indvars -simplifycfg -dce -globaldce -clean-region -attach-range -gvn -inst-simplify -constprop -simplifycfg -dce -pointer-simplify -dce -globalopt -constprop -dce -array-promote -constprop -dce -ptrArgReplace -mem2reg -simplifycfg -dce -instcombine -dce -array-transform-check -array-reshape -instcombine -simplifycfg -dce -ptrArgReplace -deadargelim -mem2reg -instcombine -simplifycfg -dce -indvars -loop-simplify -loop-bound -xunroll -constprop -instcombine -simplifycfg -indvars -simplifycfg -dce -globaldce -basicaa -aggr-aa -aggrmodref-aa -aggr-aa -dse -duplicate-dataflow-processes -globaldce -instcombine -array-partition -instcombine -simplifycfg -dce -ptrArgReplace -global-constprop -deadargelim -mem2reg -func-legal -dce -global-constprop -deadargelim -mem2reg -simplifycfg -dce -merge-param -deadargelim -globalopt -constprop -dce -array-promote -constprop -dce -ptrArgReplace -mem2reg -simplifycfg -dce -mem-intrinsic-preproc -dce -global-internalize -global-privatize -mem2reg -globaldce -promote-global-argument -ptrArgReplace -mem2reg -dce -globalopt -mergereturn -simplify-global-access -mem2reg -dce -pointer-simplify -dce -functionattrs -basicaa -aggr-aa -aggrmodref-aa -aggr-aa -gvn -gvn -basicaa -aggr-aa -aggrmodref-aa -aggr-aa -dse -adse -adce -dce -norm-name -basicaa -aggr-aa -aggrmodref-aa -aggr-aa -accesses-merge -function-inline -complex-op-raise -inst-simplify -globaldce -func-inst -constprop -instcombine -simplifycfg -dce -func-legal -dce -loop-bound -arraycheck -bitwidthmin2 -bitwidthmin2 -on-by-dataflow -loop-delete -instcombine -simplifycfg -globaldce -dce -gvn -deadargelim -dce -loop-simplify -clean-region -simplifycfg -propagate-stable-arguments -loop-stream -instcombine -simplifycfg -dce -globaldce -duplicate-dataflow-processes -stream-intrinsic-preproc -dce -check-ap-stream -loop-simplify -eliminate-keepreads -extract-dataflow-in-loop -loop-simplify -dce -gvn -deadargelim -dse -check-dataflow-syntax -legalize-stream-variable -legalize-global -extract-subproc -dce -dead-channel-elimination -canonicalize-gep -globaldce -dce -gvn -hls-dead-arg-elim -deadargelim -directive-preproc -annotate-dataflow-channels -scalar-propagation -deadargelim -globaldce -mem2reg -check-dataflow-channels -function-stream -dce -globaldce -prop-fifo-spec -internal-stream-gen -canonicalize-gep -globaldce -dce -gvn -deadargelim -mergereturn -indvars -loop-simplify -instcombine -array-stream -array-seg-normalize -array-partition -func-legal -instcombine -simplifycfg -dce -bundle-memfifo-ops -deadargelim -function-uniquify -directive-preproc -mem2reg -dse -dce -group-axi-access -licm -simplifycfg -dce -loop-delete -norm-name /home/danishkb8/Projects/build/am/ip/am_ip/solution1/.autopilot/db/a.o.1.bc -o /home/danishkb8/Projects/build/am/ip/am_ip/solution1/.autopilot/db/a.o.1.tmp.bc -f 
INFO: [XFORM 203-502] Unrolling all loops for pipelining in function 'am_accel' (src/am_accel.cpp:16:22).
WARNING: [HLS 200-932] Cannot unroll loop 'VITIS_LOOP_16_1' (src/am_accel.cpp:16) in function 'am_accel' completely: variable loop bound.
Command           transform done; 0.63 sec.
INFO-FLOW: Presyn 2...
Execute           transform -hls -keep-callgraph -scalarrepl -mem2reg -port-alignment -attach-range -dce -pipe-mux-gen -indvars -loop-bound -inst-simplify -instcombine -dce -merge-array-access -mem2reg -dce -clean-region -mergereturn -if-conv -instcombine -dce -constprop -basicaa -aggr-aa -aggrmodref-aa -aggr-aa -gvn -gvn -basicaa -aggr-aa -aggrmodref-aa -aggr-aa -dse -adse -adce -scalarrepl -mem2reg -global-constprop -deadargelim -deadargelim -instcombine -dce -simplifycfg -ptrArgReplace -mem2reg -function-inline -globaldce -mem2reg -instcombine -dce -expr-balance -instcombine -dce -bitwidthmin2 -bitwidthmin2 -interface-preproc -directive-preproc -inst-rectify -instcombine -dce -functionattrs -constprop -instcombine -bit-constprop -simplify-global-access -globalopt -globaldce -inst-simplify -instcombine -elimdeaddata -dce -loop-delete -simplifycfg -loop-simplify -auto-burst -barrier -norm-name /home/danishkb8/Projects/build/am/ip/am_ip/solution1/.autopilot/db/a.o.1.tmp.bc -o /home/danishkb8/Projects/build/am/ip/am_ip/solution1/.autopilot/db/a.o.2.bc -f -phase presyn 
Command           transform done; 0.32 sec.
INFO: [HLS 200-111] Finished Loop, function and other optimizations: CPU user time: 0.95 seconds. CPU system time: 0.02 seconds. Elapsed time: 0.97 seconds; current allocated memory: 260.154 MB.
Execute           get_config_compile -enable_loop_extract 
Execute           get_config_compile -disable_auto_rewind 
Execute           get_config_compile -enable_auto_rewind 
INFO-FLOW: Building ssdm...
Execute           transform -hls -function-uniquify -auto-function-inline -globaldce -ptrArgReplace -mem2reg -dce -reset-lda -loop-simplify -indvars -aggr-aa -licm -loop-dep -loop-bound -licm -loop-simplify -flattenloopnest -array-flatten -gvn -instcombine -dce -array-map -dce -func-legal -gvn -adce -instcombine -cfgopt -simplifycfg -loop-simplify -array-burst -promote-global-argument -dce -array-seg-normalize -basicaa -aggrmodref-aa -globalsmodref-aa -aggr-aa -gvn -gvn -basicaa -aggrmodref-aa -globalsmodref-aa -aggr-aa -dse -adse -adce -licm -inst-simplify -dce -globaldce -instcombine -array-stream -eliminate-keepreads -instcombine -dce -deadargelim -doublePtrSimplify -doublePtrElim -dce -doublePtrSimplify -promote-dbg-pointer -dce -scalarrepl -mem2reg -disaggr -norm-name -mem2reg -instcombine -dse -adse -adce -ptrLegalization -dce -auto-rom-infer -array-flatten -dce -instcombine -check-doubleptr -loop-rot -constprop -cfgopt -simplifycfg -loop-simplify -indvars -pointer-simplify -dce -loop-bound -loop-simplify -loop-preproc -constprop -global-constprop -gvn -mem2reg -instcombine -dce -loop-bound -loop-merge -dce -bitwidthmin2 -bitwidthmin2 -deadargelim -dce -canonicalize-dataflow -dce -scalar-propagation -deadargelim -globaldce -mem2reg -read-loop-dep -interface-preproc -directive-preproc -interface-gen -bram-byte-enable -deadargelim -inst-simplify -dce -gvn -mem2reg -instcombine -dce -adse -loop-bound -instcombine -cfgopt -simplifycfg -loop-simplify -clean-region -io-protocol -find-region -mem2reg -bitop-raise -complex-op-raise -inst-simplify -inst-rectify -instcombine -adce -deadargelim -loop-simplify -phi-opt -bitop-raise -cfgopt -simplifycfg -strip-dead-prototypes -interface-lower -bitop-lower -intrinsic-lower -auto-function-inline -basicaa -aggrmodref-aa -globalsmodref-aa -aggr-aa -inst-simplify -simplifycfg -loop-simplify -mergereturn -inst-simplify -inst-rectify -dce -load-elim -bitop-lower -float-op-raise -loop-rewind -pointer-simplify -dce -cfgopt -dce -loop-bound -loop-dep -read-loop-dep -dce -dyn-mem-reuse -dce -check-stream -norm-name -legalize -validate-dataflow -inst-clarity -bitwidth -dump-loop-dep-to-ir -check-all-ssdm -cdfg-build /home/danishkb8/Projects/build/am/ip/am_ip/solution1/.autopilot/db/a.o.2.bc -o /home/danishkb8/Projects/build/am/ip/am_ip/solution1/.autopilot/db/a.o.3.bc -f -phase build-ssdm 
Command           transform done; 0.49 sec.
INFO: [HLS 200-111] Finished Architecture Synthesis: CPU user time: 0.49 seconds. CPU system time: 0 seconds. Elapsed time: 0.49 seconds; current allocated memory: 257.960 MB.
INFO-FLOW: Finish building internal data model.
Command         opt_and_import_c done; 2.13 sec.
Command       elaborate done; 19.69 sec.
Execute       autosyn -from_csynth_design=1 
INFO: [HLS 200-10] Starting hardware synthesis ...
INFO-FLOW: Synthesizing C/C++ design ...
INFO: [HLS 200-10] Synthesizing 'am_accel' ...
Execute         ap_set_top_model am_accel 
Execute         get_model_list am_accel -filter all-wo-channel -topdown 
Execute         preproc_iomode -model am_accel 
Execute         get_model_list am_accel -filter all-wo-channel 
INFO-FLOW: Model list for configure: am_accel
INFO-FLOW: Configuring Module : am_accel ...
Execute         set_default_model am_accel 
Execute         apply_spec_resource_limit am_accel 
INFO-FLOW: Model list for preprocess: am_accel
INFO-FLOW: Preprocessing Module: am_accel ...
Execute         set_default_model am_accel 
Execute         cdfg_preprocess -model am_accel 
Execute         rtl_gen_preprocess am_accel 
INFO-FLOW: Model list for synthesis: am_accel
INFO: [HLS 200-10] ----------------------------------------------------------------
INFO: [HLS 200-42] -- Implementing module 'am_accel' 
INFO: [HLS 200-10] ----------------------------------------------------------------
Execute         set_default_model am_accel 
Execute         schedule -model am_accel 
INFO: [SCHED 204-11] Starting scheduling ...
WARNING: [SCHED 204-65] Unable to satisfy pipeline directive for function 'am_accel': contains subloop(s) that are not unrolled.
WARNING: [SCHED 204-65] Unable to satisfy pipeline directive for function 'am_accel': contains subloop(s) that are not unrolled.
INFO: [SCHED 204-11] Finished scheduling.
INFO: [HLS 200-111] Finished Scheduling: CPU user time: 0.1 seconds. CPU system time: 0.01 seconds. Elapsed time: 0.1 seconds; current allocated memory: 258.194 MB.
Execute         syn_report -verbosereport -o /home/danishkb8/Projects/build/am/ip/am_ip/solution1/.autopilot/db/am_accel.verbose.sched.rpt 
Execute           AP::get_flow_target_display_name
Execute             get_solution -flow_target 
Execute         db_write -o /home/danishkb8/Projects/build/am/ip/am_ip/solution1/.autopilot/db/am_accel.sched.adb -f 
INFO-FLOW: Finish scheduling am_accel.
Execute         set_default_model am_accel 
Execute         bind -model am_accel 
INFO: [BIND 205-100] Starting micro-architecture generation ...
INFO: [BIND 205-101] Performing variable lifetime analysis.
INFO: [BIND 205-101] Exploring resource sharing.
INFO: [BIND 205-101] Binding ...
INFO: [BIND 205-100] Finished micro-architecture generation.
INFO: [HLS 200-111] Finished Binding: CPU user time: 0.07 seconds. CPU system time: 0 seconds. Elapsed time: 0.07 seconds; current allocated memory: 258.420 MB.
Execute         syn_report -verbosereport -o /home/danishkb8/Projects/build/am/ip/am_ip/solution1/.autopilot/db/am_accel.verbose.bind.rpt 
Execute           AP::get_flow_target_display_name
Execute             get_solution -flow_target 
Execute         db_write -o /home/danishkb8/Projects/build/am/ip/am_ip/solution1/.autopilot/db/am_accel.bind.adb -f 
INFO-FLOW: Finish binding am_accel.
Execute         get_model_list am_accel -filter all-wo-channel 
INFO-FLOW: Preprocessing for RTLGen ...
Execute         rtl_gen_preprocess am_accel 
INFO-FLOW: Model list for RTL generation: am_accel
INFO: [HLS 200-10] ----------------------------------------------------------------
INFO: [HLS 200-10] -- Generating RTL for module 'am_accel' 
INFO: [HLS 200-10] ----------------------------------------------------------------
Execute         get_config_rtl -module_prefix 
Execute         get_config_rtl -module_prefix 
Execute         get_config_rtl -module_auto_prefix 
Execute         create_rtl_model am_accel -top_prefix  -sub_prefix am_accel_ -mg_file /home/danishkb8/Projects/build/am/ip/am_ip/solution1/.autopilot/db/am_accel.compgen.tcl 
WARNING: [RTGEN 206-101] Design contains AXI ports. Reset is fixed to synchronous and active low.
INFO: [RTGEN 206-500] Setting interface mode on port 'am_accel/a_V_data_V' to 'axis' (register, both mode).
INFO: [RTGEN 206-500] Setting interface mode on port 'am_accel/a_V_keep_V' to 'axis' (register, both mode).
INFO: [RTGEN 206-500] Setting interface mode on port 'am_accel/a_V_strb_V' to 'axis' (register, both mode).
INFO: [RTGEN 206-500] Setting interface mode on port 'am_accel/a_V_user_V' to 'axis' (register, both mode).
INFO: [RTGEN 206-500] Setting interface mode on port 'am_accel/a_V_last_V' to 'axis' (register, both mode).
INFO: [RTGEN 206-500] Setting interface mode on port 'am_accel/a_V_id_V' to 'axis' (register, both mode).
INFO: [RTGEN 206-500] Setting interface mode on port 'am_accel/a_V_dest_V' to 'axis' (register, both mode).
INFO: [RTGEN 206-500] Setting interface mode on port 'am_accel/b_V_data_V' to 'axis' (register, both mode).
INFO: [RTGEN 206-500] Setting interface mode on port 'am_accel/b_V_keep_V' to 'axis' (register, both mode).
INFO: [RTGEN 206-500] Setting interface mode on port 'am_accel/b_V_strb_V' to 'axis' (register, both mode).
INFO: [RTGEN 206-500] Setting interface mode on port 'am_accel/b_V_user_V' to 'axis' (register, both mode).
INFO: [RTGEN 206-500] Setting interface mode on port 'am_accel/b_V_last_V' to 'axis' (register, both mode).
INFO: [RTGEN 206-500] Setting interface mode on port 'am_accel/b_V_id_V' to 'axis' (register, both mode).
INFO: [RTGEN 206-500] Setting interface mode on port 'am_accel/b_V_dest_V' to 'axis' (register, both mode).
INFO: [RTGEN 206-500] Setting interface mode on port 'am_accel/out_V_data_V' to 'axis' (register, both mode).
INFO: [RTGEN 206-500] Setting interface mode on port 'am_accel/out_V_keep_V' to 'axis' (register, both mode).
INFO: [RTGEN 206-500] Setting interface mode on port 'am_accel/out_V_strb_V' to 'axis' (register, both mode).
INFO: [RTGEN 206-500] Setting interface mode on port 'am_accel/out_V_user_V' to 'axis' (register, both mode).
INFO: [RTGEN 206-500] Setting interface mode on port 'am_accel/out_V_last_V' to 'axis' (register, both mode).
INFO: [RTGEN 206-500] Setting interface mode on port 'am_accel/out_V_id_V' to 'axis' (register, both mode).
INFO: [RTGEN 206-500] Setting interface mode on port 'am_accel/out_V_dest_V' to 'axis' (register, both mode).
INFO: [RTGEN 206-500] Setting interface mode on function 'am_accel' to 's_axilite & ap_ctrl_hs'.
INFO: [RTGEN 206-100] Bundling port 'return' to AXI-Lite port control.
INFO: [RTGEN 206-100] Generating core module 'mul_32s_32s_32_1_1': 1 instance(s).
INFO: [RTGEN 206-100] Finished creating RTL model for 'am_accel'.
INFO: [HLS 200-111] Finished Creating RTL model: CPU user time: 0.16 seconds. CPU system time: 0.01 seconds. Elapsed time: 0.18 seconds; current allocated memory: 259.140 MB.
Execute         source /home/danishkb8/Projects/build/am/ip/am_ip/solution1/.autopilot/db/am_accel.rtl_wrap.cfg.tcl 
Execute         gen_rtl am_accel -istop -style xilinx -f -lang vhdl -o /home/danishkb8/Projects/build/am/ip/am_ip/solution1/syn/vhdl/am_accel 
Execute         gen_rtl am_accel -istop -style xilinx -f -lang vlog -o /home/danishkb8/Projects/build/am/ip/am_ip/solution1/syn/verilog/am_accel 
Execute         syn_report -csynth -model am_accel -o /home/danishkb8/Projects/build/am/ip/am_ip/solution1/syn/report/am_accel_csynth.rpt 
Execute           AP::get_flow_target_display_name
Execute             get_solution -flow_target 
Execute         syn_report -rtlxml -model am_accel -o /home/danishkb8/Projects/build/am/ip/am_ip/solution1/syn/report/am_accel_csynth.xml 
Execute           get_solution -flow_target
Execute             get_solution -flow_target 
Execute         syn_report -verbosereport -model am_accel -o /home/danishkb8/Projects/build/am/ip/am_ip/solution1/.autopilot/db/am_accel.verbose.rpt 
Execute           AP::get_flow_target_display_name
Execute             get_solution -flow_target 
Execute         db_write -model am_accel -f -o /home/danishkb8/Projects/build/am/ip/am_ip/solution1/.autopilot/db/am_accel.adb 
Execute         gen_tb_info am_accel -p /home/danishkb8/Projects/build/am/ip/am_ip/solution1/.autopilot/db -o /home/danishkb8/Projects/build/am/ip/am_ip/solution1/.autopilot/db/am_accel 
Execute         export_constraint_db -f -tool general -o /home/danishkb8/Projects/build/am/ip/am_ip/solution1/.autopilot/db/am_accel.constraint.tcl 
Execute         syn_report -designview -model am_accel -o /home/danishkb8/Projects/build/am/ip/am_ip/solution1/.autopilot/db/am_accel.design.xml 
Execute         syn_report -csynthDesign -model am_accel -o /home/danishkb8/Projects/build/am/ip/am_ip/solution1/syn/report/csynth.rpt 
Execute           AP::get_flow_target_display_name
Execute             get_solution -flow_target 
Execute         get_config_rtl -disable_wave_debug 
Execute         syn_report -wcfg -model am_accel -o /home/danishkb8/Projects/build/am/ip/am_ip/solution1/.autopilot/db/am_accel_dataflow_ana.wcfg 
Execute         syn_report -protoinst -model am_accel -o /home/danishkb8/Projects/build/am/ip/am_ip/solution1/.autopilot/db/am_accel.protoinst 
Execute         get_config_debug -directory 
Execute         sc_get_clocks am_accel 
Execute         get_config_export -vivado_clock 
Execute         get_config_rtl -module_prefix 
Execute         get_config_rtl -module_prefix 
Execute         get_config_rtl -module_auto_prefix 
Execute         sc_get_portdomain am_accel 
INFO-FLOW: Model list for RTL component generation: am_accel
INFO-FLOW: Handling components in module [am_accel] ... 
Execute         source /home/danishkb8/Projects/build/am/ip/am_ip/solution1/.autopilot/db/am_accel.compgen.tcl 
INFO-FLOW: Found component am_accel_mul_32s_32s_32_1_1.
INFO-FLOW: Append model am_accel_mul_32s_32s_32_1_1
INFO-FLOW: Found component am_accel_control_s_axi.
INFO-FLOW: Append model am_accel_control_s_axi
INFO-FLOW: Found component am_accel_regslice_both.
INFO-FLOW: Append model am_accel_regslice_both
INFO-FLOW: Found component am_accel_regslice_both.
INFO-FLOW: Append model am_accel_regslice_both
INFO-FLOW: Found component am_accel_regslice_both.
INFO-FLOW: Append model am_accel_regslice_both
INFO-FLOW: Found component am_accel_regslice_both.
INFO-FLOW: Append model am_accel_regslice_both
INFO-FLOW: Found component am_accel_regslice_both.
INFO-FLOW: Append model am_accel_regslice_both
INFO-FLOW: Found component am_accel_regslice_both.
INFO-FLOW: Append model am_accel_regslice_both
INFO-FLOW: Found component am_accel_regslice_both.
INFO-FLOW: Append model am_accel_regslice_both
INFO-FLOW: Found component am_accel_regslice_both.
INFO-FLOW: Append model am_accel_regslice_both
INFO-FLOW: Found component am_accel_regslice_both.
INFO-FLOW: Append model am_accel_regslice_both
INFO-FLOW: Found component am_accel_regslice_both.
INFO-FLOW: Append model am_accel_regslice_both
INFO-FLOW: Found component am_accel_regslice_both.
INFO-FLOW: Append model am_accel_regslice_both
INFO-FLOW: Found component am_accel_regslice_both.
INFO-FLOW: Append model am_accel_regslice_both
INFO-FLOW: Found component am_accel_regslice_both.
INFO-FLOW: Append model am_accel_regslice_both
INFO-FLOW: Found component am_accel_regslice_both.
INFO-FLOW: Append model am_accel_regslice_both
INFO-FLOW: Found component am_accel_regslice_both.
INFO-FLOW: Append model am_accel_regslice_both
INFO-FLOW: Found component am_accel_regslice_both.
INFO-FLOW: Append model am_accel_regslice_both
INFO-FLOW: Found component am_accel_regslice_both.
INFO-FLOW: Append model am_accel_regslice_both
INFO-FLOW: Found component am_accel_regslice_both.
INFO-FLOW: Append model am_accel_regslice_both
INFO-FLOW: Found component am_accel_regslice_both.
INFO-FLOW: Append model am_accel_regslice_both
INFO-FLOW: Found component am_accel_regslice_both.
INFO-FLOW: Append model am_accel_regslice_both
INFO-FLOW: Found component am_accel_regslice_both.
INFO-FLOW: Append model am_accel_regslice_both
INFO-FLOW: Append model am_accel
INFO-FLOW: Generating RTL model list ...
INFO-FLOW: All models in this session: am_accel_mul_32s_32s_32_1_1 am_accel_control_s_axi am_accel_regslice_both am_accel_regslice_both am_accel_regslice_both am_accel_regslice_both am_accel_regslice_both am_accel_regslice_both am_accel_regslice_both am_accel_regslice_both am_accel_regslice_both am_accel_regslice_both am_accel_regslice_both am_accel_regslice_both am_accel_regslice_both am_accel_regslice_both am_accel_regslice_both am_accel_regslice_both am_accel_regslice_both am_accel_regslice_both am_accel_regslice_both am_accel_regslice_both am_accel_regslice_both am_accel
INFO-FLOW: To file: write model am_accel_mul_32s_32s_32_1_1
INFO-FLOW: To file: write model am_accel_control_s_axi
INFO-FLOW: To file: write model am_accel_regslice_both
INFO-FLOW: To file: write model am_accel_regslice_both
INFO-FLOW: To file: write model am_accel_regslice_both
INFO-FLOW: To file: write model am_accel_regslice_both
INFO-FLOW: To file: write model am_accel_regslice_both
INFO-FLOW: To file: write model am_accel_regslice_both
INFO-FLOW: To file: write model am_accel_regslice_both
INFO-FLOW: To file: write model am_accel_regslice_both
INFO-FLOW: To file: write model am_accel_regslice_both
INFO-FLOW: To file: write model am_accel_regslice_both
INFO-FLOW: To file: write model am_accel_regslice_both
INFO-FLOW: To file: write model am_accel_regslice_both
INFO-FLOW: To file: write model am_accel_regslice_both
INFO-FLOW: To file: write model am_accel_regslice_both
INFO-FLOW: To file: write model am_accel_regslice_both
INFO-FLOW: To file: write model am_accel_regslice_both
INFO-FLOW: To file: write model am_accel_regslice_both
INFO-FLOW: To file: write model am_accel_regslice_both
INFO-FLOW: To file: write model am_accel_regslice_both
INFO-FLOW: To file: write model am_accel_regslice_both
INFO-FLOW: To file: write model am_accel_regslice_both
INFO-FLOW: To file: write model am_accel
INFO-FLOW: Finished generating RTL model list.


INFO-FLOW: RTL Generation done.
INFO-FLOW: CAS Generation done.
INFO-FLOW: CBC Generation done.
Execute         get_top 
Execute         get_config_export -ipname 
Execute         get_config_export -xo 
Execute         get_config_export -format 
Execute         get_config_rtl -module_auto_prefix 
INFO-FLOW: DBG:CMD:   auto_impl: set ipname to top (module_auto_prefix): am_accel
INFO-FLOW: DBG:CMD: auto_generate_csynth_design
INFO-FLOW: DBG:CMD:     auto_generate --sim-model -phase csynth_design -d /home/danishkb8/Projects/build/am/ip/am_ip/solution1
Execute         get_solution -flow_target 
Execute         get_config_export -xo 
Execute         get_config_export -format 
Execute         source /home/danishkb8/Projects/build/am/ip/am_ip/solution1/.autopilot/db/global.setting.tcl 
INFO-FLOW: DBG:CMD: read_platform_lib /home/danishkb8/Projects/build/am/ip/am_ip/solution1/.autopilot/db/global.setting.tcl
Execute         source /tools/Xilinx/Vitis_HLS/2020.2/common/technology/generic/autopilot/common.gen 
Execute           source /tools/Xilinx/Vitis_HLS/2020.2/common/technology/generic/autopilot/APCoreGen.gen 
Execute         source /tools/Xilinx/Vitis_HLS/2020.2/common/technology/generic/autopilot/op.gen 
Execute         source /tools/Xilinx/Vitis_HLS/2020.2/common/technology/generic/autopilot/op_simcore.gen 
Execute         source /tools/Xilinx/Vitis_HLS/2020.2/common/technology/generic/autopilot/interface.gen 
Execute         source /home/danishkb8/Projects/build/am/ip/am_ip/solution1/.autopilot/db/global.setting.tcl 
Execute         source /tools/Xilinx/Vitis_HLS/2020.2/common/technology/xilinx/common/xilinx.gen 
Execute           source /tools/Xilinx/Vitis_HLS/2020.2/common/technology/xilinx/interface/plb46.gen 
Execute           source /tools/Xilinx/Vitis_HLS/2020.2/common/technology/xilinx/interface/axi4.gen 
Execute           source /tools/Xilinx/Vitis_HLS/2020.2/common/technology/xilinx/interface/nativeAXI4.gen 
Execute             source /tools/Xilinx/Vitis_HLS/2020.2/common/technology/xilinx/interface/saxilite.gen 
Execute             source /tools/Xilinx/Vitis_HLS/2020.2/common/technology/xilinx/interface/maxi.gen 
Execute           source /tools/Xilinx/Vitis_HLS/2020.2/common/technology/xilinx/scripts/xilinxcoregen.gen 
Execute           source /tools/Xilinx/Vitis_HLS/2020.2/common/technology/xilinx/interface/XilEDKCoreGen.gen 
Execute           source /tools/Xilinx/Vitis_HLS/2020.2/common/technology/xilinx/ip/dds_compiler.gen 
Execute           source /tools/Xilinx/Vitis_HLS/2020.2/common/technology/xilinx/ip/util.gen 
Execute           source /tools/Xilinx/Vitis_HLS/2020.2/common/technology/xilinx/ip/xfft.gen 
Command           ap_source done; 0.21 sec.
Execute           source /tools/Xilinx/Vitis_HLS/2020.2/common/technology/xilinx/ip/xfir.gen 
Execute           source /tools/Xilinx/Vitis_HLS/2020.2/common/technology/xilinx/DSP48/dsp48.gen 
Command         ap_source done; 0.27 sec.
INFO-FLOW: DBG:CMD:   using AESL_AUTOCG::g_clock_period=10.000 (was NA)
INFO-FLOW: DBG:CMD:       generate_ip_cores sim=1 export=0 expOnly=0 dstVlogDir=syn/verilog
Execute         source /home/danishkb8/Projects/build/am/ip/am_ip/solution1/.autopilot/db/global.setting.tcl 
Execute         ap_part_info -name xczu5eg-sfvc784-1-e -data names -quiet 
Execute         ap_part_info -name xczu5eg-sfvc784-1-e -data info -quiet 
Execute         source /home/danishkb8/Projects/build/am/ip/am_ip/solution1/.autopilot/db/global.setting.tcl 
Execute         source /home/danishkb8/Projects/build/am/ip/am_ip/solution1/.autopilot/db/global.setting.tcl 
Execute         source /home/danishkb8/Projects/build/am/ip/am_ip/solution1/.autopilot/db/am_accel.compgen.tcl 
Execute           ap_part_info -name xczu5eg-sfvc784-1-e -data names -quiet 
Execute           ap_part_info -name xczu5eg-sfvc784-1-e -data info -quiet 
Execute           ap_part_info -name xczu5eg-sfvc784-1-e -data names -quiet 
Execute           ap_part_info -name xczu5eg-sfvc784-1-e -data info -quiet 
INFO: [RTMG 210-282] Generating pipelined core: 'am_accel_mul_32s_32s_32_1_1_Multiplier_0'
Execute           source ./control.slave.tcl 
Command         ap_source done; 0.23 sec.
INFO-FLOW: DBG:CMD:     auto_generate -export -impltomg_flag -rtl both -tool Vivado -pcore_version 1.00.a -phase csynth_design -d /home/danishkb8/Projects/build/am/ip/am_ip/solution1
Execute         get_solution -flow_target 
Execute         get_config_export -xo 
Execute         get_config_export -format 
Execute         source /home/danishkb8/Projects/build/am/ip/am_ip/solution1/.autopilot/db/global.setting.tcl 
INFO-FLOW: DBG:CMD: read_platform_lib /home/danishkb8/Projects/build/am/ip/am_ip/solution1/.autopilot/db/global.setting.tcl
Execute         source /tools/Xilinx/Vitis_HLS/2020.2/common/technology/generic/autopilot/common.gen 
Execute           source /tools/Xilinx/Vitis_HLS/2020.2/common/technology/generic/autopilot/APCoreGen.gen 
Execute         source /tools/Xilinx/Vitis_HLS/2020.2/common/technology/generic/autopilot/op.gen 
Execute         source /tools/Xilinx/Vitis_HLS/2020.2/common/technology/generic/autopilot/op_simcore.gen 
Execute         source /tools/Xilinx/Vitis_HLS/2020.2/common/technology/generic/autopilot/interface.gen 
Execute         source /home/danishkb8/Projects/build/am/ip/am_ip/solution1/.autopilot/db/global.setting.tcl 
Execute         source /tools/Xilinx/Vitis_HLS/2020.2/common/technology/xilinx/common/xilinx.gen 
Execute           source /tools/Xilinx/Vitis_HLS/2020.2/common/technology/xilinx/interface/plb46.gen 
Execute           source /tools/Xilinx/Vitis_HLS/2020.2/common/technology/xilinx/interface/axi4.gen 
Execute           source /tools/Xilinx/Vitis_HLS/2020.2/common/technology/xilinx/interface/nativeAXI4.gen 
Execute             source /tools/Xilinx/Vitis_HLS/2020.2/common/technology/xilinx/interface/saxilite.gen 
Execute             source /tools/Xilinx/Vitis_HLS/2020.2/common/technology/xilinx/interface/maxi.gen 
Execute           source /tools/Xilinx/Vitis_HLS/2020.2/common/technology/xilinx/scripts/xilinxcoregen.gen 
Execute           source /tools/Xilinx/Vitis_HLS/2020.2/common/technology/xilinx/interface/XilEDKCoreGen.gen 
Execute           source /tools/Xilinx/Vitis_HLS/2020.2/common/technology/xilinx/ip/dds_compiler.gen 
Execute           source /tools/Xilinx/Vitis_HLS/2020.2/common/technology/xilinx/ip/util.gen 
Execute           source /tools/Xilinx/Vitis_HLS/2020.2/common/technology/xilinx/ip/xfft.gen 
Command           ap_source done; 0.21 sec.
Execute           source /tools/Xilinx/Vitis_HLS/2020.2/common/technology/xilinx/ip/xfir.gen 
Execute           source /tools/Xilinx/Vitis_HLS/2020.2/common/technology/xilinx/DSP48/dsp48.gen 
Command         ap_source done; 0.26 sec.
INFO-FLOW: DBG:CMD:       initCTypeInfo top_module=am_accel xml_exists=0
Execute         source /home/danishkb8/Projects/build/am/ip/am_ip/solution1/.autopilot/db/am_accel.rtl_wrap.cfg.tcl 
Execute         source /home/danishkb8/Projects/build/am/ip/am_ip/solution1/.autopilot/db/am_accel.rtl_wrap.cfg.tcl 
Execute         source /home/danishkb8/Projects/build/am/ip/am_ip/solution1/.autopilot/db/am_accel.rtl_wrap.cfg.tcl 
Execute         source /home/danishkb8/Projects/build/am/ip/am_ip/solution1/.autopilot/db/am_accel.tbgen.tcl 
Execute         source /home/danishkb8/Projects/build/am/ip/am_ip/solution1/.autopilot/db/am_accel.tbgen.tcl 
INFO-FLOW: DBG:CMD:       export_impl_rtl
INFO-FLOW: DBG:CMD:       generate_ip_cores sim=0 export=0 expOnly=0 dstVlogDir=impl/.verilog
Execute         source /home/danishkb8/Projects/build/am/ip/am_ip/solution1/.autopilot/db/global.setting.tcl 
Execute         source /home/danishkb8/Projects/build/am/ip/am_ip/solution1/.autopilot/db/am_accel.compgen.tcl 
INFO-FLOW: DBG:CMD:       generate_ip_cores sim=0 export=1 expOnly=1 dstVlogDir=impl/.pcores/verilog
Execute         source /home/danishkb8/Projects/build/am/ip/am_ip/solution1/.autopilot/db/global.setting.tcl 
Execute         source /home/danishkb8/Projects/build/am/ip/am_ip/solution1/.autopilot/db/am_accel.compgen.tcl 
Execute           ap_part_info -name xczu5eg-sfvc784-1-e -data names -quiet 
Execute           ap_part_info -name xczu5eg-sfvc784-1-e -data info -quiet 
Execute           ap_part_info -name xczu5eg-sfvc784-1-e -data names -quiet 
Execute           ap_part_info -name xczu5eg-sfvc784-1-e -data info -quiet 
Execute           ap_part_info -name xczu5eg-sfvc784-1-e -data names -quiet 
Execute           ap_part_info -name xczu5eg-sfvc784-1-e -data info -quiet 
Execute           ap_part_info -name xczu5eg-sfvc784-1-e -data names -quiet 
Execute           ap_part_info -name xczu5eg-sfvc784-1-e -data info -quiet 
Execute           ap_part_info -name xczu5eg-sfvc784-1-e -data names -quiet 
Execute           ap_part_info -name xczu5eg-sfvc784-1-e -data info -quiet 
Execute           ap_part_info -name xczu5eg-sfvc784-1-e -data names -quiet 
Execute           ap_part_info -name xczu5eg-sfvc784-1-e -data info -quiet 
Command         ap_source done; 0.36 sec.
Execute         ap_part_info -name xczu5eg-sfvc784-1-e -data names -quiet 
Execute         ap_part_info -name xczu5eg-sfvc784-1-e -data info -quiet 
INFO-FLOW: DBG:CMD:       generate_ip_cores sim=0 export=0 expOnly=0 dstVlogDir=impl/.pcores/verilog_sim
Execute         source /home/danishkb8/Projects/build/am/ip/am_ip/solution1/.autopilot/db/global.setting.tcl 
Execute         source /home/danishkb8/Projects/build/am/ip/am_ip/solution1/.autopilot/db/am_accel.compgen.tcl 
Execute         ap_part_info -name xczu5eg-sfvc784-1-e -data names -quiet 
Execute         ap_part_info -name xczu5eg-sfvc784-1-e -data info -quiet 
Execute         ap_part_info -name xczu5eg-sfvc784-1-e -data names -quiet 
Execute         ap_part_info -name xczu5eg-sfvc784-1-e -data info -quiet 
Execute         source /home/danishkb8/Projects/build/am/ip/am_ip/solution1/.autopilot/db/global.setting.tcl 
Execute         ap_part_info -name xczu5eg-sfvc784-1-e -data names -quiet 
Execute         ap_part_info -name xczu5eg-sfvc784-1-e -data info -quiet 
Execute         source /home/danishkb8/Projects/build/am/ip/am_ip/solution1/.autopilot/db/am_accel.constraint.tcl 
Execute         source /home/danishkb8/Projects/build/am/ip/am_ip/solution1/.autopilot/db/am_accel.tbgen.tcl 
INFO-FLOW: DBG:CMD:       hasPcoreIpAdapter=false #gSsdmPorts=42
INFO-FLOW: DBG:CMD: Skipping loadAnalyze_DB, #g_database=21
INFO-FLOW: DBG:CMD:       generate_json is_phase_csynth=1 g_has_adaptors=false generate_bd_files=1 #modelList=24 #gSsdmPorts=42
Execute         source /tools/Xilinx/Vitis_HLS/2020.2/tps/tcl/tcllib1.11.1/fileutil/fileutil.tcl 
Execute         source /home/danishkb8/Projects/build/am/ip/am_ip/solution1/.autopilot/db/global.setting.tcl 
Execute         source /home/danishkb8/Projects/build/am/ip/am_ip/solution1/.autopilot/db/global.setting.tcl 
Execute         source /home/danishkb8/Projects/build/am/ip/am_ip/solution1/.autopilot/db/top-io-be.tcl 
Execute         source /home/danishkb8/Projects/build/am/ip/am_ip/solution1/.autopilot/db/am_accel.tbgen.tcl 
Execute         source /home/danishkb8/Projects/build/am/ip/am_ip/solution1/.autopilot/db/am_accel.compgen.dataonly.tcl 
Execute         source /home/danishkb8/Projects/build/am/ip/am_ip/solution1/.autopilot/db/am_accel.compgen.dataonly.tcl 
Execute         source /home/danishkb8/Projects/build/am/ip/am_ip/solution1/.autopilot/db/am_accel.rtl_wrap.cfg.tcl 
Execute         source /home/danishkb8/Projects/build/am/ip/am_ip/solution1/.autopilot/db/am_accel.compgen.dataonly.tcl 
Execute         get_config_export -format 
Execute         ap_part_info -name xczu5eg-sfvc784-1-e -data names -quiet 
Execute         ap_part_info -name xczu5eg-sfvc784-1-e -data info -quiet 
Execute         source /home/danishkb8/Projects/build/am/ip/am_ip/solution1/.autopilot/db/am_accel.tbgen.tcl 
Execute         source /home/danishkb8/Projects/build/am/ip/am_ip/solution1/.autopilot/db/global.setting.tcl 
Execute         ap_part_info -name xczu5eg-sfvc784-1-e -data names -quiet 
Execute         ap_part_info -name xczu5eg-sfvc784-1-e -data info -quiet 
Execute         get_solution -flow_target 
Execute         get_config_rtl -kernel_profile 
Execute         get_config_rtl -kernel_profile 
Execute         get_config_rtl -stall_sig_gen 
Execute         get_config_rtl -profile 
Execute         source /home/danishkb8/Projects/build/am/ip/am_ip/solution1/.autopilot/db/am_accel.constraint.tcl 
Execute         sc_get_clocks am_accel 
Execute         source /home/danishkb8/Projects/build/am/ip/am_ip/solution1/.autopilot/db/global.setting.tcl 
Execute         get_config_debug -directory 
INFO-FLOW: DBG:CMD:       delete-temp-dirs (skipped for debug)
INFO: [HLS 200-111] Finished Generating all RTL models: CPU user time: 2.39 seconds. CPU system time: 0.08 seconds. Elapsed time: 2.48 seconds; current allocated memory: 267.534 MB.
INFO: [VHDL 208-304] Generating VHDL RTL for am_accel.
INFO: [VLOG 209-307] Generating Verilog RTL for am_accel.
INFO-FLOW: DBG:CMD:       update_csynth_xml_report append design.xml content design_xml=/home/danishkb8/Projects/build/am/ip/am_ip/solution1/.autopilot/db/am_accel.design.xml
INFO-FLOW: DBG:CMD:       update_csynth_xml_report json2reportxml
INFO-FLOW: DBG:CMD:       update_csynth_xml_report done
Execute         syn_report -model am_accel -printsummary 
INFO: [HLS 200-790] **** Loop Constraint Status: All loop constraints were satisfied.
INFO: [HLS 200-789] **** Estimated Fmax: 257.73 MHz
Command       autosyn done; 3.19 sec.
Command     csynth_design done; 22.89 sec.
INFO: [HLS 200-111] Finished Command csynth_design CPU user time: 21.36 seconds. CPU system time: 1.36 seconds. Elapsed time: 22.89 seconds; current allocated memory: 267.880 MB.
Execute     cosim_design 
INFO: [HLS 200-1510] Running: cosim_design 
Execute       source /home/danishkb8/Projects/build/am/ip/am_ip/solution1/.autopilot/db/global.setting.tcl 
Execute       source /home/danishkb8/Projects/build/am/ip/am_ip/solution1/.autopilot/db/global.setting.tcl 
Execute       source /home/danishkb8/Projects/build/am/ip/am_ip/solution1/.autopilot/db/global.setting.tcl 
INFO-FLOW: DBG:CMD: read_platform_lib /home/danishkb8/Projects/build/am/ip/am_ip/solution1/.autopilot/db/global.setting.tcl
Execute       source /tools/Xilinx/Vitis_HLS/2020.2/common/technology/generic/autopilot/common.gen 
Execute         source /tools/Xilinx/Vitis_HLS/2020.2/common/technology/generic/autopilot/APCoreGen.gen 
Execute       source /tools/Xilinx/Vitis_HLS/2020.2/common/technology/generic/autopilot/op.gen 
Execute       source /tools/Xilinx/Vitis_HLS/2020.2/common/technology/generic/autopilot/op_simcore.gen 
Execute       source /tools/Xilinx/Vitis_HLS/2020.2/common/technology/generic/autopilot/interface.gen 
Execute       source /home/danishkb8/Projects/build/am/ip/am_ip/solution1/.autopilot/db/global.setting.tcl 
Execute       source /tools/Xilinx/Vitis_HLS/2020.2/common/technology/xilinx/common/xilinx.gen 
Execute         source /tools/Xilinx/Vitis_HLS/2020.2/common/technology/xilinx/interface/plb46.gen 
Execute         source /tools/Xilinx/Vitis_HLS/2020.2/common/technology/xilinx/interface/axi4.gen 
Execute         source /tools/Xilinx/Vitis_HLS/2020.2/common/technology/xilinx/interface/nativeAXI4.gen 
Execute           source /tools/Xilinx/Vitis_HLS/2020.2/common/technology/xilinx/interface/saxilite.gen 
Execute           source /tools/Xilinx/Vitis_HLS/2020.2/common/technology/xilinx/interface/maxi.gen 
Execute         source /tools/Xilinx/Vitis_HLS/2020.2/common/technology/xilinx/scripts/xilinxcoregen.gen 
Execute         source /tools/Xilinx/Vitis_HLS/2020.2/common/technology/xilinx/interface/XilEDKCoreGen.gen 
Execute         source /tools/Xilinx/Vitis_HLS/2020.2/common/technology/xilinx/ip/dds_compiler.gen 
Execute         source /tools/Xilinx/Vitis_HLS/2020.2/common/technology/xilinx/ip/util.gen 
Execute         source /tools/Xilinx/Vitis_HLS/2020.2/common/technology/xilinx/ip/xfft.gen 
Command         ap_source done; 0.22 sec.
Execute         source /tools/Xilinx/Vitis_HLS/2020.2/common/technology/xilinx/ip/xfir.gen 
Execute         source /tools/Xilinx/Vitis_HLS/2020.2/common/technology/xilinx/DSP48/dsp48.gen 
Command       ap_source done; 0.3 sec.
Execute       ap_part_info -name xczu5eg-sfvc784-1-e -data names -quiet 
Execute       ap_part_info -name xczu5eg-sfvc784-1-e -data info -quiet 
Execute       source /home/danishkb8/Projects/build/am/ip/am_ip/solution1/.autopilot/db/global.setting.tcl 
Execute       source /home/danishkb8/Projects/build/am/ip/am_ip/solution1/.autopilot/db/am_accel.rtl_wrap.cfg.tcl 
Execute       source /home/danishkb8/Projects/build/am/ip/am_ip/solution1/.autopilot/db/am_accel.tbgen.tcl 
Execute       source /home/danishkb8/Projects/build/am/ip/am_ip/solution1/.autopilot/db/am_accel.tbgen.tcl 
Execute       source /home/danishkb8/Projects/build/am/ip/am_ip/solution1/.autopilot/db/am_accel.tbgen.tcl 
INFO: [COSIM 212-47] Using XSIM for RTL simulation.
INFO: [COSIM 212-14] Instrumenting C test bench ...
Execute       ap_part_info -name xczu5eg-sfvc784-1-e -data info 
INFO-FLOW: TB processing: /home/danishkb8/Projects/build/am/ip/src/am_tb.cpp /home/danishkb8/Projects/build/am/ip/am_ip/solution1/./sim/autowrap/testbench/am_tb.cpp_pre.cpp
Execute       clang_tidy xilinx-tb-process /home/danishkb8/Projects/build/am/ip/am_ip/solution1/./sim/autowrap/testbench/am_tb.cpp_pre.cpp.tb.cpp std=c++11 
INFO-FLOW: exec /tools/Xilinx/Vitis_HLS/2020.2/lnx64/tools/clang-3.9-csynth/bin/clang-tidy -header-filter=.* --checks=-*,xilinx-tb-process -fix-errors /home/danishkb8/Projects/build/am/ip/am_ip/solution1/./sim/autowrap/testbench/am_tb.cpp_pre.cpp.tb.cpp -- -std=c++11 -fhls -ferror-limit=0
Command       clang_tidy done; 6.53 sec.
Execute       ap_part_info -name xczu5eg-sfvc784-1-e -data info 
INFO-FLOW: TB processing: /home/danishkb8/Projects/build/am/ip/src/am_accel.cpp /home/danishkb8/Projects/build/am/ip/am_ip/solution1/./sim/autowrap/testbench/am_accel.cpp_pre.cpp
Execute       clang_tidy xilinx-tb-process /home/danishkb8/Projects/build/am/ip/am_ip/solution1/./sim/autowrap/testbench/am_accel.cpp_pre.cpp.tb.cpp std=c++11 
INFO-FLOW: exec /tools/Xilinx/Vitis_HLS/2020.2/lnx64/tools/clang-3.9-csynth/bin/clang-tidy -header-filter=.* --checks=-*,xilinx-tb-process -fix-errors /home/danishkb8/Projects/build/am/ip/am_ip/solution1/./sim/autowrap/testbench/am_accel.cpp_pre.cpp.tb.cpp -- -std=c++11 -fhls -ferror-limit=0
Command       clang_tidy done; 5.61 sec.
Execute       source /home/danishkb8/Projects/build/am/ip/am_ip/solution1/./sim/autowrap/testbench/tb.status.tcl 
Execute       source /home/danishkb8/Projects/build/am/ip/am_ip/solution1/.autopilot/db/global.setting.tcl 
Execute       source /home/danishkb8/Projects/build/am/ip/am_ip/solution1/.autopilot/db/am_accel.rtl_wrap.cfg.tcl 
Execute       source /home/danishkb8/Projects/build/am/ip/am_ip/solution1/.autopilot/db/am_accel.rtl_wrap.cfg.tcl 
Execute       source /home/danishkb8/Projects/build/am/ip/am_ip/solution1/.autopilot/db/am_accel.rtl_wrap.cfg.tcl 
Execute       source /home/danishkb8/Projects/build/am/ip/am_ip/solution1/.autopilot/db/am_accel.tbgen.tcl 
Execute       source /home/danishkb8/Projects/build/am/ip/am_ip/solution1/.autopilot/db/am_accel.tbgen.tcl 
Execute       ap_part_info -name xczu5eg-sfvc784-1-e -data info 
Command       ap_part_info done; 0.12 sec.
Execute       source .run_sim.tcl 
INFO: [COSIM 212-302] Starting C TB testing ... 
Command       ap_source done; 0.9 sec.
INFO: [COSIM 212-333] Generating C post check test bench ...
Execute       ap_part_info -name xczu5eg-sfvc784-1-e -data info 
INFO: [COSIM 212-12] Generating RTL test bench ...
Execute       source ../tv/cdatafile/ref.tcl 
Execute       source /home/danishkb8/Projects/build/am/ip/am_ip/solution1/.autopilot/db/am_accel.tbgen.tcl 
Execute       source /home/danishkb8/Projects/build/am/ip/am_ip/solution1/.autopilot/db/am_accel.tbgen.tcl 
Execute       source /home/danishkb8/Projects/build/am/ip/am_ip/solution1/.autopilot/db/am_accel.tbgen.tcl 
Execute       source /home/danishkb8/Projects/build/am/ip/am_ip/solution1/.autopilot/db/am_accel.tbgen.tcl 
Execute       source ../tv/cdatafile/ref.tcl 
Execute       source /home/danishkb8/Projects/build/am/ip/am_ip/solution1/.autopilot/db/am_accel.tbgen.tcl 
Execute       source /home/danishkb8/Projects/build/am/ip/am_ip/solution1/.autopilot/db/am_accel.tbgen.tcl 
Execute       source /home/danishkb8/Projects/build/am/ip/am_ip/solution1/.autopilot/db/am_accel.tbgen.tcl 
Execute       source /home/danishkb8/Projects/build/am/ip/am_ip/solution1/.autopilot/db/am_accel.tbgen.tcl 
Execute       source /home/danishkb8/Projects/build/am/ip/am_ip/solution1/.autopilot/db/am_accel.tbgen.tcl 
Execute       source /home/danishkb8/Projects/build/am/ip/am_ip/solution1/.autopilot/db/am_accel.tbgen.tcl 
Execute       source /home/danishkb8/Projects/build/am/ip/am_ip/solution1/.autopilot/db/am_accel.tbgen.tcl 
Execute       source /home/danishkb8/Projects/build/am/ip/am_ip/solution1/.autopilot/db/am_accel.tbgen.tcl 
Execute       source /home/danishkb8/Projects/build/am/ip/am_ip/solution1/.autopilot/db/am_accel.tbgen.tcl 
Execute       source /home/danishkb8/Projects/build/am/ip/am_ip/solution1/.autopilot/db/am_accel.tbgen.tcl 
Execute       source /home/danishkb8/Projects/build/am/ip/am_ip/solution1/.autopilot/db/am_accel.tbgen.tcl 
Execute       source /home/danishkb8/Projects/build/am/ip/am_ip/solution1/.autopilot/db/am_accel.tbgen.tcl 
Execute       source /home/danishkb8/Projects/build/am/ip/am_ip/solution1/.autopilot/db/am_accel.tbgen.tcl 
Execute       source /home/danishkb8/Projects/build/am/ip/am_ip/solution1/.autopilot/db/am_accel.tbgen.tcl 
Execute       source /home/danishkb8/Projects/build/am/ip/am_ip/solution1/.autopilot/db/am_accel.tbgen.tcl 
Execute       source /home/danishkb8/Projects/build/am/ip/am_ip/solution1/.autopilot/db/am_accel.tbgen.tcl 
Execute       source ../tv/cdatafile/ref.tcl 
Execute       source /home/danishkb8/Projects/build/am/ip/am_ip/solution1/.autopilot/db/am_accel.tbgen.tcl 
Execute       source /home/danishkb8/Projects/build/am/ip/am_ip/solution1/.autopilot/db/am_accel.tbgen.tcl 
Execute       source /home/danishkb8/Projects/build/am/ip/am_ip/solution1/.autopilot/db/am_accel.tbgen.tcl 
Execute       source /home/danishkb8/Projects/build/am/ip/am_ip/solution1/.autopilot/db/am_accel.tbgen.tcl 
Execute       source /home/danishkb8/Projects/build/am/ip/am_ip/solution1/.autopilot/db/am_accel.tbgen.tcl 
Execute       source /home/danishkb8/Projects/build/am/ip/am_ip/solution1/.autopilot/db/am_accel.tbgen.tcl 
Execute       source /home/danishkb8/Projects/build/am/ip/am_ip/solution1/.autopilot/db/am_accel.tbgen.tcl 
Execute       source /home/danishkb8/Projects/build/am/ip/am_ip/solution1/.autopilot/db/am_accel.tbgen.tcl 
Execute       source /home/danishkb8/Projects/build/am/ip/am_ip/solution1/.autopilot/db/am_accel.tbgen.tcl 
Execute       source /home/danishkb8/Projects/build/am/ip/am_ip/solution1/.autopilot/db/am_accel.tbgen.tcl 
Execute       source /home/danishkb8/Projects/build/am/ip/am_ip/solution1/.autopilot/db/am_accel.tbgen.tcl 
INFO: [COSIM 212-1] *** C/RTL co-simulation file generation completed. ***
Execute       source .run_sim.tcl 
Execute         source check_sim.tcl 
Execute         source dataflow_monitor_API.tcl 
Execute         source .sim.status.tcl 
INFO: [COSIM 212-323] Starting verilog simulation. 
INFO: [COSIM 212-15] Starting XSIM ...
INFO: [COSIM 212-316] Starting C post checking ...
Command       ap_source done; 44.56 sec.
INFO: [COSIM 212-1000] *** C/RTL co-simulation finished: PASS ***
INFO: [COSIM 212-211] II is measurable only when transaction number is greater than 1 in RTL simulation. Otherwise, they will be marked as all NA. If user wants to calculate them, please make sure there are at least 2 transactions in RTL simulation.
Command     cosim_design done; 83.52 sec.
INFO: [HLS 200-111] Finished Command cosim_design CPU user time: 78.19 seconds. CPU system time: 7.06 seconds. Elapsed time: 83.52 seconds; current allocated memory: 271.863 MB.
Execute     export_design -rtl verilog -format ip_catalog -output am_ip/am_accel.zip 
INFO: [HLS 200-1510] Running: export_design -rtl verilog -format ip_catalog -output am_ip/am_accel.zip 
Execute       get_config_export -clock_margin 
Execute       get_config_export -custom_script 
Execute       get_config_export -description 
Execute       get_config_export -display_name 
Execute       get_config_export -driver_input_dir 
Execute       get_config_export -ipname 
Execute       get_config_export -library 
Execute       get_config_export -qor_test 
Execute       get_config_export -sim 
Execute       get_config_export -taxonomy 
Execute       get_config_export -use_ip 
Execute       get_config_export -use_netlist 
Execute       get_config_export -vendor 
Execute       get_config_export -version 
Execute       get_config_export -xo 
Execute       config_export -format=ip_catalog -output=am_ip/am_accel.zip -rtl=verilog 
INFO-FLOW: DBG:CMD: export_design_wrap: -format ip_catalog -rtl verilog
Execute       source /home/danishkb8/Projects/build/am/ip/am_ip/solution1/.autopilot/db/global.setting.tcl 
Execute       get_config_export -vivado_clock 
Execute       get_top 
Execute       get_config_export -ipname 
Execute       get_config_export -xo 
Execute       get_config_export -format 
Execute       get_config_rtl -module_auto_prefix 
INFO-FLOW: DBG:CMD:   auto_impl: set ipname to top (module_auto_prefix): am_accel
Execute       get_solution -flow_target 
Execute       get_config_export -xo 
Execute       get_config_export -format 
INFO-FLOW: DBG:CMD:   auto_impl: pack: -export -rtl verilog
Execute       source /home/danishkb8/Projects/build/am/ip/am_ip/solution1/.autopilot/db/global.setting.tcl 
INFO: [IMPL 213-8] Exporting RTL as a Vivado IP.
Execute       source /home/danishkb8/Projects/build/am/ip/am_ip/solution1/.autopilot/db/global.setting.tcl 
INFO-FLOW: DBG:CMD: automg_wrap -export -pcore_version 1.00.a -rtl vlog -tool Vivado -impltomg_flag
INFO-FLOW: DBG:CMD:     auto_generate -export -pcore_version 1.00.a -rtl vlog -tool Vivado -impltomg_flag
Execute       get_solution -flow_target 
Execute       get_config_export -xo 
Execute       get_config_export -format 
Execute       source /home/danishkb8/Projects/build/am/ip/am_ip/solution1/.autopilot/db/global.setting.tcl 
INFO-FLOW: DBG:CMD: read_platform_lib /home/danishkb8/Projects/build/am/ip/am_ip/solution1/.autopilot/db/global.setting.tcl
Execute       source /tools/Xilinx/Vitis_HLS/2020.2/common/technology/generic/autopilot/common.gen 
Execute         source /tools/Xilinx/Vitis_HLS/2020.2/common/technology/generic/autopilot/APCoreGen.gen 
Execute       source /tools/Xilinx/Vitis_HLS/2020.2/common/technology/generic/autopilot/op.gen 
Execute       source /tools/Xilinx/Vitis_HLS/2020.2/common/technology/generic/autopilot/op_simcore.gen 
Execute       source /tools/Xilinx/Vitis_HLS/2020.2/common/technology/generic/autopilot/interface.gen 
Execute       source /home/danishkb8/Projects/build/am/ip/am_ip/solution1/.autopilot/db/global.setting.tcl 
Execute       source /tools/Xilinx/Vitis_HLS/2020.2/common/technology/xilinx/common/xilinx.gen 
Execute         source /tools/Xilinx/Vitis_HLS/2020.2/common/technology/xilinx/interface/plb46.gen 
Execute         source /tools/Xilinx/Vitis_HLS/2020.2/common/technology/xilinx/interface/axi4.gen 
Execute         source /tools/Xilinx/Vitis_HLS/2020.2/common/technology/xilinx/interface/nativeAXI4.gen 
Execute           source /tools/Xilinx/Vitis_HLS/2020.2/common/technology/xilinx/interface/saxilite.gen 
Execute           source /tools/Xilinx/Vitis_HLS/2020.2/common/technology/xilinx/interface/maxi.gen 
Execute         source /tools/Xilinx/Vitis_HLS/2020.2/common/technology/xilinx/scripts/xilinxcoregen.gen 
Execute         source /tools/Xilinx/Vitis_HLS/2020.2/common/technology/xilinx/interface/XilEDKCoreGen.gen 
Execute         source /tools/Xilinx/Vitis_HLS/2020.2/common/technology/xilinx/ip/dds_compiler.gen 
Execute         source /tools/Xilinx/Vitis_HLS/2020.2/common/technology/xilinx/ip/util.gen 
Execute         source /tools/Xilinx/Vitis_HLS/2020.2/common/technology/xilinx/ip/xfft.gen 
Command         ap_source done; 0.29 sec.
Execute         source /tools/Xilinx/Vitis_HLS/2020.2/common/technology/xilinx/ip/xfir.gen 
Execute         source /tools/Xilinx/Vitis_HLS/2020.2/common/technology/xilinx/DSP48/dsp48.gen 
Command       ap_source done; 0.39 sec.
INFO-FLOW: DBG:CMD:       export_impl_rtl
INFO-FLOW: DBG:CMD:       generate_ip_cores sim=0 export=0 expOnly=0 dstVlogDir=impl/.verilog
Execute       source /home/danishkb8/Projects/build/am/ip/am_ip/solution1/.autopilot/db/global.setting.tcl 
Execute       source /home/danishkb8/Projects/build/am/ip/am_ip/solution1/.autopilot/db/am_accel.compgen.tcl 
Execute       get_config_export -disable_deadlock_detection 
Execute       source /home/danishkb8/Projects/build/am/ip/am_ip/solution1/.autopilot/db/global.setting.tcl 
Execute       source /home/danishkb8/Projects/build/am/ip/am_ip/solution1/.autopilot/db/am_accel.tbgen.tcl 
Execute       get_config_rtl -module_prefix 
INFO-FLOW: DBG:CMD:       cosim_export_main adding deadlock detection to am_accel
INFO-FLOW: DBG:CMD:       generate_ip_cores sim=0 export=1 expOnly=1 dstVlogDir=impl/.pcores/verilog
Execute       source /home/danishkb8/Projects/build/am/ip/am_ip/solution1/.autopilot/db/global.setting.tcl 
Execute       source /home/danishkb8/Projects/build/am/ip/am_ip/solution1/.autopilot/db/am_accel.compgen.tcl 
Execute         ap_part_info -name xczu5eg-sfvc784-1-e -data names -quiet 
Execute         ap_part_info -name xczu5eg-sfvc784-1-e -data info -quiet 
Execute         ap_part_info -name xczu5eg-sfvc784-1-e -data names -quiet 
Execute         ap_part_info -name xczu5eg-sfvc784-1-e -data info -quiet 
Execute         ap_part_info -name xczu5eg-sfvc784-1-e -data names -quiet 
Execute         ap_part_info -name xczu5eg-sfvc784-1-e -data info -quiet 
Execute         ap_part_info -name xczu5eg-sfvc784-1-e -data names -quiet 
Execute         ap_part_info -name xczu5eg-sfvc784-1-e -data info -quiet 
Execute         ap_part_info -name xczu5eg-sfvc784-1-e -data names -quiet 
Execute         ap_part_info -name xczu5eg-sfvc784-1-e -data info -quiet 
Execute         ap_part_info -name xczu5eg-sfvc784-1-e -data names -quiet 
Execute         ap_part_info -name xczu5eg-sfvc784-1-e -data info -quiet 
Command       ap_source done; 0.45 sec.
Execute       ap_part_info -name xczu5eg-sfvc784-1-e -data names -quiet 
Execute       ap_part_info -name xczu5eg-sfvc784-1-e -data info -quiet 
INFO-FLOW: DBG:CMD:       generate_ip_cores sim=0 export=0 expOnly=0 dstVlogDir=impl/.pcores/verilog_sim
Execute       source /home/danishkb8/Projects/build/am/ip/am_ip/solution1/.autopilot/db/global.setting.tcl 
Execute       source /home/danishkb8/Projects/build/am/ip/am_ip/solution1/.autopilot/db/am_accel.compgen.tcl 
Execute       get_config_export -disable_deadlock_detection 
Execute       source /home/danishkb8/Projects/build/am/ip/am_ip/solution1/.autopilot/db/global.setting.tcl 
Execute       source /home/danishkb8/Projects/build/am/ip/am_ip/solution1/.autopilot/db/am_accel.tbgen.tcl 
Execute       get_config_rtl -module_prefix 
INFO-FLOW: DBG:CMD:       cosim_export_main adding deadlock detection to am_accel
Execute       ap_part_info -name xczu5eg-sfvc784-1-e -data names -quiet 
Execute       ap_part_info -name xczu5eg-sfvc784-1-e -data info -quiet 
Execute       ap_part_info -name xczu5eg-sfvc784-1-e -data names -quiet 
Execute       ap_part_info -name xczu5eg-sfvc784-1-e -data info -quiet 
Execute       source /home/danishkb8/Projects/build/am/ip/am_ip/solution1/.autopilot/db/global.setting.tcl 
Execute       ap_part_info -name xczu5eg-sfvc784-1-e -data names -quiet 
Execute       ap_part_info -name xczu5eg-sfvc784-1-e -data info -quiet 
Execute       source /home/danishkb8/Projects/build/am/ip/am_ip/solution1/.autopilot/db/am_accel.constraint.tcl 
Execute       source /home/danishkb8/Projects/build/am/ip/am_ip/solution1/.autopilot/db/am_accel.tbgen.tcl 
INFO-FLOW: DBG:CMD:       hasPcoreIpAdapter=false #gSsdmPorts=42
INFO-FLOW: DBG:CMD:       copying IP vlog from /home/danishkb8/Projects/build/am/ip/am_ip/solution1/impl/verilog
INFO-FLOW: DBG:CMD:       copying IP vhdl from /home/danishkb8/Projects/build/am/ip/am_ip/solution1/impl/vhdl
INFO-FLOW: DBG:CMD:       copy ip_driver_dir 1_0 /home/danishkb8/Projects/build/am/ip/am_ip/solution1/.autopilot/db/driver
Execute       get_config_export -format 
INFO-FLOW: DBG:CMD:       generate_ip_script #gSsdmPorts=42 g_lang=vlog is_sdaccel=false is_sdsoc=true xo_file=
Execute       ap_part_info -name xczu5eg-sfvc784-1-e -data names -quiet 
Execute       ap_part_info -name xczu5eg-sfvc784-1-e -data info -quiet 
Execute       ap_part_info -name xczu5eg-sfvc784-1-e -data names -quiet 
Execute       ap_part_info -name xczu5eg-sfvc784-1-e -data info -quiet 
Execute       source /home/danishkb8/Projects/build/am/ip/am_ip/solution1/.autopilot/db/am_accel.compgen.dataonly.tcl 
Execute       source /home/danishkb8/Projects/build/am/ip/am_ip/solution1/.autopilot/db/am_accel.compgen.dataonly.tcl 
Execute       source /home/danishkb8/Projects/build/am/ip/am_ip/solution1/.autopilot/db/am_accel.tbgen.tcl 
Execute       source /home/danishkb8/Projects/build/am/ip/am_ip/solution1/.autopilot/db/am_accel.tbgen.tcl 
Execute       source /home/danishkb8/Projects/build/am/ip/am_ip/solution1/.autopilot/db/am_accel.tbgen.tcl 
Execute       source /home/danishkb8/Projects/build/am/ip/am_ip/solution1/.autopilot/db/am_accel.tbgen.tcl 
Execute       source /home/danishkb8/Projects/build/am/ip/am_ip/solution1/.autopilot/db/am_accel.tbgen.tcl 
Execute       source /home/danishkb8/Projects/build/am/ip/am_ip/solution1/.autopilot/db/am_accel.tbgen.tcl 
Execute       source /home/danishkb8/Projects/build/am/ip/am_ip/solution1/.autopilot/db/am_accel.tbgen.tcl 
Execute       source /home/danishkb8/Projects/build/am/ip/am_ip/solution1/.autopilot/db/global.setting.tcl 
Execute       get_config_debug -directory 
INFO-FLOW: DBG:CMD:       generate_ip_auxiliary
Execute       ap_part_info -name xczu5eg-sfvc784-1-e -data names -quiet 
Execute       ap_part_info -name xczu5eg-sfvc784-1-e -data info -quiet 
Execute       source /home/danishkb8/Projects/build/am/ip/am_ip/solution1/.autopilot/db/global.setting.tcl 
INFO-FLOW: DBG:CMD:       prepArgInfo -> loadAnalyze_DB top_module=am_accel
Execute       source /home/danishkb8/Projects/build/am/ip/am_ip/solution1/.autopilot/db/am_accel.rtl_wrap.cfg.tcl 
Execute       source /home/danishkb8/Projects/build/am/ip/am_ip/solution1/.autopilot/db/am_accel.rtl_wrap.cfg.tcl 
Execute       source /home/danishkb8/Projects/build/am/ip/am_ip/solution1/.autopilot/db/am_accel.rtl_wrap.cfg.tcl 
Execute       source /home/danishkb8/Projects/build/am/ip/am_ip/solution1/.autopilot/db/am_accel.tbgen.tcl 
Execute       source /home/danishkb8/Projects/build/am/ip/am_ip/solution1/.autopilot/db/am_accel.tbgen.tcl 
Execute       source /home/danishkb8/Projects/build/am/ip/am_ip/solution1/.autopilot/db/am_accel.tbgen.tcl 
INFO-FLOW: DBG:CMD:       generate_top_info
INFO-FLOW: DBG:CMD:       prepArgInfo -> loadAnalyze_DB top_module=am_accel
Execute       source /home/danishkb8/Projects/build/am/ip/am_ip/solution1/.autopilot/db/am_accel.rtl_wrap.cfg.tcl 
Execute       source /home/danishkb8/Projects/build/am/ip/am_ip/solution1/.autopilot/db/am_accel.rtl_wrap.cfg.tcl 
Execute       source /home/danishkb8/Projects/build/am/ip/am_ip/solution1/.autopilot/db/am_accel.rtl_wrap.cfg.tcl 
Execute       source /home/danishkb8/Projects/build/am/ip/am_ip/solution1/.autopilot/db/am_accel.tbgen.tcl 
Execute       source /home/danishkb8/Projects/build/am/ip/am_ip/solution1/.autopilot/db/am_accel.tbgen.tcl 
Execute       ap_part_info -name xczu5eg-sfvc784-1-e -data names -quiet 
Execute       ap_part_info -name xczu5eg-sfvc784-1-e -data info -quiet 
Execute       source /home/danishkb8/Projects/build/am/ip/am_ip/solution1/.autopilot/db/global.setting.tcl 
Execute       ap_part_info -name xczu5eg-sfvc784-1-e -data names -quiet 
Execute       ap_part_info -name xczu5eg-sfvc784-1-e -data info -quiet 
INFO-FLOW: DBG:CMD:       generate_ip_bd_script
Execute       ap_part_info -name xczu5eg-sfvc784-1-e -data names -quiet 
Execute       ap_part_info -name xczu5eg-sfvc784-1-e -data info -quiet 
Execute       ap_part_info -name xczu5eg-sfvc784-1-e -data names -quiet 
Execute       ap_part_info -name xczu5eg-sfvc784-1-e -data info -quiet 
Execute       source /home/danishkb8/Projects/build/am/ip/am_ip/solution1/.autopilot/db/am_accel.tbgen.tcl 
Execute       source /home/danishkb8/Projects/build/am/ip/am_ip/solution1/.autopilot/db/global.setting.tcl 
Execute       source /home/danishkb8/Projects/build/am/ip/am_ip/solution1/.autopilot/db/am_accel.constraint.tcl 
INFO-FLOW: DBG:CMD:       generate_ipi_example_script
Execute       ap_part_info -name xczu5eg-sfvc784-1-e -data names -quiet 
Execute       ap_part_info -name xczu5eg-sfvc784-1-e -data info -quiet 
Command       ap_part_info done; 0.11 sec.
Execute       ap_part_info -name xczu5eg-sfvc784-1-e -data names -quiet 
Execute       ap_part_info -name xczu5eg-sfvc784-1-e -data info -quiet 
INFO-FLOW: DBG:CMD:       generate_syn_sh
Execute       ap_part_info -name xczu5eg-sfvc784-1-e -data names -quiet 
Execute       ap_part_info -name xczu5eg-sfvc784-1-e -data info -quiet 
Execute       source /home/danishkb8/Projects/build/am/ip/am_ip/solution1/.autopilot/db/global.setting.tcl 
INFO-FLOW: DBG:CMD:       generate_imp_constraints
Execute       ap_part_info -name xczu5eg-sfvc784-1-e -data names -quiet 
Execute       ap_part_info -name xczu5eg-sfvc784-1-e -data info -quiet 
Execute       source /home/danishkb8/Projects/build/am/ip/am_ip/solution1/.autopilot/db/am_accel.constraint.tcl 
Execute       source /home/danishkb8/Projects/build/am/ip/am_ip/solution1/.autopilot/db/am_accel.tbgen.tcl 
INFO-FLOW: DBG:CMD:       copy-tb-files /home/danishkb8/Projects/build/am/ip/am_ip/solution1/impl/.verilog/sim_tbs
INFO-FLOW: DBG:CMD:       delete-temp-dirs (skipped for debug)
Execute       ap_part_info -name xczu5eg-sfvc784-1-e -data names -quiet 
Execute       ap_part_info -name xczu5eg-sfvc784-1-e -data info -quiet 
INFO-FLOW: DBG:CMD: read_platform_lib /home/danishkb8/Projects/build/am/ip/am_ip/solution1/.autopilot/db/global.setting.tcl
Execute       source /tools/Xilinx/Vitis_HLS/2020.2/common/technology/generic/autopilot/common.gen 
Execute         source /tools/Xilinx/Vitis_HLS/2020.2/common/technology/generic/autopilot/APCoreGen.gen 
Execute       source /tools/Xilinx/Vitis_HLS/2020.2/common/technology/generic/autopilot/op.gen 
Execute       source /tools/Xilinx/Vitis_HLS/2020.2/common/technology/generic/autopilot/op_simcore.gen 
Execute       source /tools/Xilinx/Vitis_HLS/2020.2/common/technology/generic/autopilot/interface.gen 
Execute       source /home/danishkb8/Projects/build/am/ip/am_ip/solution1/.autopilot/db/global.setting.tcl 
Execute       source /tools/Xilinx/Vitis_HLS/2020.2/common/technology/xilinx/common/xilinx.gen 
Execute         source /tools/Xilinx/Vitis_HLS/2020.2/common/technology/xilinx/interface/plb46.gen 
Execute         source /tools/Xilinx/Vitis_HLS/2020.2/common/technology/xilinx/interface/axi4.gen 
Execute         source /tools/Xilinx/Vitis_HLS/2020.2/common/technology/xilinx/interface/nativeAXI4.gen 
Execute           source /tools/Xilinx/Vitis_HLS/2020.2/common/technology/xilinx/interface/saxilite.gen 
Execute           source /tools/Xilinx/Vitis_HLS/2020.2/common/technology/xilinx/interface/maxi.gen 
Execute         source /tools/Xilinx/Vitis_HLS/2020.2/common/technology/xilinx/scripts/xilinxcoregen.gen 
Execute         source /tools/Xilinx/Vitis_HLS/2020.2/common/technology/xilinx/interface/XilEDKCoreGen.gen 
Execute         source /tools/Xilinx/Vitis_HLS/2020.2/common/technology/xilinx/ip/dds_compiler.gen 
Execute         source /tools/Xilinx/Vitis_HLS/2020.2/common/technology/xilinx/ip/util.gen 
Execute         source /tools/Xilinx/Vitis_HLS/2020.2/common/technology/xilinx/ip/xfft.gen 
Command         ap_source done; 0.22 sec.
Execute         source /tools/Xilinx/Vitis_HLS/2020.2/common/technology/xilinx/ip/xfir.gen 
Execute         source /tools/Xilinx/Vitis_HLS/2020.2/common/technology/xilinx/DSP48/dsp48.gen 
Command       ap_source done; 0.27 sec.
Execute       ap_part_info -name xczu5eg-sfvc784-1-e -data names -quiet 
Execute       ap_part_info -name xczu5eg-sfvc784-1-e -data info -quiet 
INFO-FLOW: DBG:CMD:     exec /home/danishkb8/Projects/build/am/ip/am_ip/solution1/impl/ip/pack.sh
Execute       get_config_export -output 
Execute       send_msg_by_id INFO @200-802@%s am_ip/am_accel.zip 
INFO: [HLS 200-802] Generated output file am_ip/am_accel.zip
Command     export_design done; 44.36 sec.
INFO: [HLS 200-111] Finished Command export_design CPU user time: 40.75 seconds. CPU system time: 3.04 seconds. Elapsed time: 44.36 seconds; current allocated memory: 276.785 MB.
Execute     cleanup_all 
