
****** Vitis HLS - High-Level Synthesis from C, C++ and OpenCL v2020.2 (64-bit)
  **** SW Build 3064766 on Wed Nov 18 09:12:47 MST 2020
  **** IP Build 3064653 on Wed Nov 18 14:17:31 MST 2020
    ** Copyright 1986-2020 Xilinx, Inc. All Rights Reserved.

source /tools/Xilinx/Vitis_HLS/2020.2/scripts/vitis_hls/hls.tcl -notrace
INFO: Applying HLS Y2K22 patch v1.2 for IP revision
INFO: [HLS 200-10] Running '/tools/Xilinx/Vitis_HLS/2020.2/bin/unwrapped/lnx64.o/vitis_hls'
INFO: [HLS 200-10] For user 'danishkb8' on host 'Danu.myguest.virtualbox.org' (Linux_x86_64 version 6.5.0-44-generic) on Tue Aug 06 09:15:59 IST 2024
INFO: [HLS 200-10] On os Ubuntu 22.04.4 LTS
INFO: [HLS 200-10] In directory '/home/danishkb8/shared/projects/resizer/ip'
Sourcing Tcl script 'build.tcl'
INFO: [HLS 200-1510] Running: open_project resize 
INFO: [HLS 200-10] Creating and opening project '/home/danishkb8/shared/projects/resizer/ip/resize'.
INFO: [HLS 200-1510] Running: set_top resize_accel 
INFO: [HLS 200-1510] Running: add_files src/xf_resize_accel_stream.cpp -cflags -I/home/danishkb8/shared/projects/resizer/ip/vitis_lib/vision/L1/include -D__XF__AXI_SDATA__ 
INFO: [HLS 200-10] Adding design file 'src/xf_resize_accel_stream.cpp' to the project
INFO: [HLS 200-1510] Running: open_solution resize -flow_target vivado 
INFO: [HLS 200-10] Creating and opening solution '/home/danishkb8/shared/projects/resizer/ip/resize/resize'.
INFO: [HLS 200-1505] Using flow_target 'vivado'
Resolution: For help on HLS 200-1505 see www.xilinx.com/cgi-bin/docs/rdoc?v=2020.2;t=hls+guidance;d=200-1505.html
INFO: [HLS 200-1510] Running: set_part xczu5eg-sfvc784-1-e 
INFO: [HLS 200-10] Setting target device to 'xczu5eg-sfvc784-1-e'
INFO: [HLS 200-1510] Running: create_clock -period 10 -name default 
INFO: [SYN 201-201] Setting up clock 'default' with a period of 10ns.
INFO: [HLS 200-1510] Running: set_clock_uncertainty 27.0% 
INFO: [SYN 201-201] Setting up clock 'default' with an uncertainty of 2.7ns.
INFO: [HLS 200-1510] Running: config_export -format ip_catalog -rtl verilog 
INFO: [HLS 200-1510] Running: csynth_design 
INFO: [HLS 200-111] Finished File checks and directory preparation: CPU user time: 0.01 seconds. CPU system time: 0 seconds. Elapsed time: 0.05 seconds; current allocated memory: 205.618 MB.
INFO: [HLS 200-10] Analyzing design file 'src/xf_resize_accel_stream.cpp' ... 
WARNING: [HLS 207-5301] unused parameter 'index': /home/danishkb8/shared/projects/resizer/ip/vitis_lib/vision/L1/include/common/xf_structs.hpp:667:87
WARNING: [HLS 207-5301] unused parameter 'index': /home/danishkb8/shared/projects/resizer/ip/vitis_lib/vision/L1/include/common/xf_structs.hpp:687:60
WARNING: [HLS 207-5301] unused parameter 'index': /home/danishkb8/shared/projects/resizer/ip/vitis_lib/vision/L1/include/common/xf_structs.hpp:1255:102
WARNING: [HLS 207-5301] unused parameter 'index': /home/danishkb8/shared/projects/resizer/ip/vitis_lib/vision/L1/include/common/xf_structs.hpp:1565:34
WARNING: [HLS 207-5301] unused parameter 'j': /home/danishkb8/shared/projects/resizer/ip/vitis_lib/vision/L1/include/imgproc/xf_resize_nn_bilinear.hpp:209:31
WARNING: [HLS 207-5301] unused parameter 'output_rows_count': /home/danishkb8/shared/projects/resizer/ip/vitis_lib/vision/L1/include/imgproc/xf_resize_nn_bilinear.hpp:210:31
WARNING: [HLS 207-5301] unused parameter 'scalex': /home/danishkb8/shared/projects/resizer/ip/vitis_lib/vision/L1/include/imgproc/xf_resize_nn_bilinear.hpp:211:65
WARNING: [HLS 207-5301] unused parameter 'skip_count': /home/danishkb8/shared/projects/resizer/ip/vitis_lib/vision/L1/include/imgproc/xf_resize_down_area.hpp:43:47
WARNING: [HLS 207-5301] unused parameter 'in_width': /home/danishkb8/shared/projects/resizer/ip/vitis_lib/vision/L1/include/imgproc/xf_resize_down_area.hpp:54:49
WARNING: [HLS 207-5301] unused parameter 'write_index': /home/danishkb8/shared/projects/resizer/ip/vitis_lib/vision/L1/include/imgproc/xf_resize_down_area.hpp:417:46
WARNING: [HLS 207-5301] unused parameter 'out_width': /home/danishkb8/shared/projects/resizer/ip/vitis_lib/vision/L1/include/imgproc/xf_resize_down_area.hpp:419:49
WARNING: [HLS 207-5524] Ignore interface attribute or pragma which is not used in top function: src/xf_resize_accel_stream.cpp:97:9
WARNING: [HLS 207-5524] Ignore interface attribute or pragma which is not used in top function: src/xf_resize_accel_stream.cpp:98:9
WARNING: [HLS 207-5524] Ignore interface attribute or pragma which is not used in top function: src/xf_resize_accel_stream.cpp:98:9
WARNING: [HLS 207-5524] Ignore interface attribute or pragma which is not used in top function: src/xf_resize_accel_stream.cpp:97:9
WARNING: [HLS 207-5524] Ignore interface attribute or pragma which is not used in top function: src/xf_resize_accel_stream.cpp:104:9
INFO: [HLS 200-111] Finished Source Code Analysis and Preprocessing: CPU user time: 18.11 seconds. CPU system time: 0.8 seconds. Elapsed time: 19.86 seconds; current allocated memory: 208.109 MB.
INFO: [HLS 200-777] Using interface defaults for 'Vivado' flow target.
INFO: [HLS 214-131] Inlining function 'hls::stream<ap_uint<24>, 0>::stream()' into 'hls::stream<ap_uint<24>, 2>::stream()' (/tools/Xilinx/Vitis_HLS/2020.2/common/technology/autopilot/hls_stream_39.h:195:43)
INFO: [HLS 214-131] Inlining function 'hls::stream<ap_uint<24>, 2>::stream()' into 'xf::cv::Mat<9, 2160, 3840, 1, 2>::Mat(int, int)' (/home/danishkb8/shared/projects/resizer/ip/vitis_lib/vision/L1/include/common/xf_structs.hpp:447:5)
INFO: [HLS 214-131] Inlining function 'xf::cv::Mat<9, 2160, 3840, 1, 2>::init(int, int, bool)' into 'xf::cv::Mat<9, 2160, 3840, 1, 2>::Mat(int, int)' (/home/danishkb8/shared/projects/resizer/ip/vitis_lib/vision/L1/include/common/xf_structs.hpp:654:2)
INFO: [HLS 214-131] Inlining function 'hls::axis<ap_uint<24>, 1ul, 1ul, 1ul>::get_user_ptr()' into 'hls::stream<hls::axis<ap_uint<24>, 1ul, 1ul, 1ul>, 0>::read(hls::axis<ap_uint<24>, 1ul, 1ul, 1ul>&)' (/tools/Xilinx/Vitis_HLS/2020.2/common/technology/autopilot/ap_axi_sdata.h:283:50)
INFO: [HLS 214-131] Inlining function 'hls::axis<ap_uint<24>, 1ul, 1ul, 1ul>::get_dest_ptr()' into 'hls::stream<hls::axis<ap_uint<24>, 1ul, 1ul, 1ul>, 0>::read(hls::axis<ap_uint<24>, 1ul, 1ul, 1ul>&)' (/tools/Xilinx/Vitis_HLS/2020.2/common/technology/autopilot/ap_axi_sdata.h:286:25)
INFO: [HLS 214-131] Inlining function 'hls::axis<ap_uint<24>, 1ul, 1ul, 1ul>::get_id_ptr()' into 'hls::stream<hls::axis<ap_uint<24>, 1ul, 1ul, 1ul>, 0>::read(hls::axis<ap_uint<24>, 1ul, 1ul, 1ul>&)' (/tools/Xilinx/Vitis_HLS/2020.2/common/technology/autopilot/ap_axi_sdata.h:285:67)
INFO: [HLS 214-131] Inlining function 'hls::axis<ap_uint<24>, 1ul, 1ul, 1ul>::get_user_ptr()' into 'hls::stream<hls::axis<ap_uint<24>, 1ul, 1ul, 1ul>, 0>::read(hls::axis<ap_uint<24>, 1ul, 1ul, 1ul>&)' (/tools/Xilinx/Vitis_HLS/2020.2/common/technology/autopilot/ap_axi_sdata.h:285:36)
INFO: [HLS 214-131] Inlining function 'hls::axis<ap_uint<24>, 1ul, 1ul, 1ul>::get_dest_ptr()' into 'hls::stream<hls::axis<ap_uint<24>, 1ul, 1ul, 1ul>, 0>::read(hls::axis<ap_uint<24>, 1ul, 1ul, 1ul>&)' (/tools/Xilinx/Vitis_HLS/2020.2/common/technology/autopilot/ap_axi_sdata.h:284:39)
INFO: [HLS 214-131] Inlining function 'hls::axis<ap_uint<24>, 1ul, 1ul, 1ul>::get_id_ptr()' into 'hls::stream<hls::axis<ap_uint<24>, 1ul, 1ul, 1ul>, 0>::read(hls::axis<ap_uint<24>, 1ul, 1ul, 1ul>&)' (/tools/Xilinx/Vitis_HLS/2020.2/common/technology/autopilot/ap_axi_sdata.h:284:23)
INFO: [HLS 214-131] Inlining function 'hls::stream<ap_uint<24>, 0>::write(ap_uint<24> const&)' into 'xf::cv::Mat<9, 2160, 3840, 1, 2>::write(int, ap_uint<24>)' (/home/danishkb8/shared/projects/resizer/ip/vitis_lib/vision/L1/include/common/xf_structs.hpp:689:10)
INFO: [HLS 214-131] Inlining function 'hls::stream<hls::axis<ap_uint<24>, 1ul, 1ul, 1ul>, 0>::read(hls::axis<ap_uint<24>, 1ul, 1ul, 1ul>&)' into 'void axis2xfMat<24, 9, 2160, 3840, 1>(hls::stream<hls::axis<ap_uint<24>, 1ul, 1ul, 1ul>, 0>&, xf::cv::Mat<9, 2160, 3840, 1, 2>&)' (src/xf_resize_accel_stream.cpp:51:17)
INFO: [HLS 214-131] Inlining function 'hls::stream<ap_uint<24>, 0>::read(ap_uint<24>&)' into 'hls::stream<ap_uint<24>, 0>::read()' (/tools/Xilinx/Vitis_HLS/2020.2/common/technology/autopilot/hls_stream_39.h:156:9)
INFO: [HLS 214-131] Inlining function 'hls::stream<ap_uint<24>, 0>::read()' into 'xf::cv::Mat<9, 2160, 3840, 1, 2>::read(int)' (/home/danishkb8/shared/projects/resizer/ip/vitis_lib/vision/L1/include/common/xf_structs.hpp:669:17)
INFO: [HLS 214-131] Inlining function 'void interpolatePixel<9, 1, 1>(DataType<9, 1>::cname, DataType<9, 1>::cname, DataType<9, 1>::cname, DataType<9, 1>::cname, ap_ufixed<12, 2, (ap_q_mode)5, (ap_o_mode)3, 0>, ap_ufixed<12, 2, (ap_q_mode)5, (ap_o_mode)3, 0>, DataType<9, 1>::cname&)' into 'void computeOutputPixel<9, 1, 1, 17, 9, 48, 16>(DataType<9, 1>::name*, DataType<9, 1>::name*, ap_uint<17>, ap_uint<17>*, ap_ufixed<48, 16, (ap_q_mode)5, (ap_o_mode)3, 0>*, ap_ufixed<48, 16, (ap_q_mode)5, (ap_o_mode)3, 0>, DataType<9, 1>::name&)' (/home/danishkb8/shared/projects/resizer/ip/vitis_lib/vision/L1/include/imgproc/xf_resize_nn_bilinear.hpp:140:13)
INFO: [HLS 214-131] Inlining function 'void computeOutputPixel<9, 1, 1, 17, 9, 48, 16>(DataType<9, 1>::name*, DataType<9, 1>::name*, ap_uint<17>, ap_uint<17>*, ap_ufixed<48, 16, (ap_q_mode)5, (ap_o_mode)3, 0>*, ap_ufixed<48, 16, (ap_q_mode)5, (ap_o_mode)3, 0>, DataType<9, 1>::name&)' into 'void resizeNNBilinear<9, 2160, 3840, 1, 2160, 3840, 1, 9>(xf::cv::Mat<9, 2160, 3840, 1, 2>&, xf::cv::Mat<9, 2160, 3840, 1, 2>&)' (/home/danishkb8/shared/projects/resizer/ip/vitis_lib/vision/L1/include/imgproc/xf_resize_nn_bilinear.hpp:499:21)
INFO: [HLS 214-131] Inlining function 'void scaleMult<1, 48, 16, 42, 20>(ap_ufixed<48, 16, (ap_q_mode)5, (ap_o_mode)3, 0>, ap_fixed<42, 20, (ap_q_mode)5, (ap_o_mode)3, 0>*)' into 'void resizeNNBilinear<9, 2160, 3840, 1, 2160, 3840, 1, 9>(xf::cv::Mat<9, 2160, 3840, 1, 2>&, xf::cv::Mat<9, 2160, 3840, 1, 2>&)' (/home/danishkb8/shared/projects/resizer/ip/vitis_lib/vision/L1/include/imgproc/xf_resize_nn_bilinear.hpp:322:2)
INFO: [HLS 214-131] Inlining function 'hls::axis<ap_uint<24>, 1ul, 1ul, 1ul>::get_user_ptr()' into 'hls::stream<hls::axis<ap_uint<24>, 1ul, 1ul, 1ul>, 0>::write(hls::axis<ap_uint<24>, 1ul, 1ul, 1ul> const&)' (/tools/Xilinx/Vitis_HLS/2020.2/common/technology/autopilot/ap_axi_sdata.h:304:51)
INFO: [HLS 214-131] Inlining function 'hls::axis<ap_uint<24>, 1ul, 1ul, 1ul>::get_dest_ptr()' into 'hls::stream<hls::axis<ap_uint<24>, 1ul, 1ul, 1ul>, 0>::write(hls::axis<ap_uint<24>, 1ul, 1ul, 1ul> const&)' (/tools/Xilinx/Vitis_HLS/2020.2/common/technology/autopilot/ap_axi_sdata.h:307:26)
INFO: [HLS 214-131] Inlining function 'hls::axis<ap_uint<24>, 1ul, 1ul, 1ul>::get_id_ptr()' into 'hls::stream<hls::axis<ap_uint<24>, 1ul, 1ul, 1ul>, 0>::write(hls::axis<ap_uint<24>, 1ul, 1ul, 1ul> const&)' (/tools/Xilinx/Vitis_HLS/2020.2/common/technology/autopilot/ap_axi_sdata.h:306:68)
INFO: [HLS 214-131] Inlining function 'hls::axis<ap_uint<24>, 1ul, 1ul, 1ul>::get_user_ptr()' into 'hls::stream<hls::axis<ap_uint<24>, 1ul, 1ul, 1ul>, 0>::write(hls::axis<ap_uint<24>, 1ul, 1ul, 1ul> const&)' (/tools/Xilinx/Vitis_HLS/2020.2/common/technology/autopilot/ap_axi_sdata.h:306:37)
INFO: [HLS 214-131] Inlining function 'hls::axis<ap_uint<24>, 1ul, 1ul, 1ul>::get_dest_ptr()' into 'hls::stream<hls::axis<ap_uint<24>, 1ul, 1ul, 1ul>, 0>::write(hls::axis<ap_uint<24>, 1ul, 1ul, 1ul> const&)' (/tools/Xilinx/Vitis_HLS/2020.2/common/technology/autopilot/ap_axi_sdata.h:305:40)
INFO: [HLS 214-131] Inlining function 'hls::axis<ap_uint<24>, 1ul, 1ul, 1ul>::get_id_ptr()' into 'hls::stream<hls::axis<ap_uint<24>, 1ul, 1ul, 1ul>, 0>::write(hls::axis<ap_uint<24>, 1ul, 1ul, 1ul> const&)' (/tools/Xilinx/Vitis_HLS/2020.2/common/technology/autopilot/ap_axi_sdata.h:305:24)
INFO: [HLS 214-131] Inlining function 'hls::stream<hls::axis<ap_uint<24>, 1ul, 1ul, 1ul>, 0>::write(hls::axis<ap_uint<24>, 1ul, 1ul, 1ul> const&)' into 'void xfMat2axis<24, 9, 2160, 3840, 1>(xf::cv::Mat<9, 2160, 3840, 1, 2>&, hls::stream<hls::axis<ap_uint<24>, 1ul, 1ul, 1ul>, 0>&)' (src/xf_resize_accel_stream.cpp:86:17)
INFO: [HLS 214-131] Inlining function 'xf::cv::Mat<9, 2160, 3840, 1, 2>::Mat(int, int)' into 'resize_accel(hls::stream<hls::axis<ap_uint<24>, 1ul, 1ul, 1ul>, 0>&, hls::stream<hls::axis<ap_uint<24>, 1ul, 1ul, 1ul>, 0>&, int, int, int, int)' (src/xf_resize_accel_stream.cpp:106:45)
INFO: [HLS 214-131] Inlining function 'xf::cv::Mat<9, 2160, 3840, 1, 2>::Mat(int, int)' into 'resize_accel(hls::stream<hls::axis<ap_uint<24>, 1ul, 1ul, 1ul>, 0>&, hls::stream<hls::axis<ap_uint<24>, 1ul, 1ul, 1ul>, 0>&, int, int, int, int)' (src/xf_resize_accel_stream.cpp:107:48)
INFO: [HLS 214-186] Unrolling loop 'anonymous' (/home/danishkb8/shared/projects/resizer/ip/vitis_lib/vision/L1/include/imgproc/xf_resize_nn_bilinear.hpp:465:17) in function 'resizeNNBilinear<9, 2160, 3840, 1, 2160, 3840, 1, 9>' completely with a factor of 5 (/home/danishkb8/shared/projects/resizer/ip/vitis_lib/vision/L1/include/imgproc/xf_resize_nn_bilinear.hpp:465:17)
INFO: [HLS 214-186] Unrolling loop 'anonymous' (/home/danishkb8/shared/projects/resizer/ip/vitis_lib/vision/L1/include/imgproc/xf_resize_nn_bilinear.hpp:478:21) in function 'resizeNNBilinear<9, 2160, 3840, 1, 2160, 3840, 1, 9>' completely with a factor of 5 (/home/danishkb8/shared/projects/resizer/ip/vitis_lib/vision/L1/include/imgproc/xf_resize_nn_bilinear.hpp:478:21)
INFO: [HLS 214-186] Unrolling loop 'anonymous' (/home/danishkb8/shared/projects/resizer/ip/vitis_lib/vision/L1/include/imgproc/xf_resize_nn_bilinear.hpp:444:17) in function 'resizeNNBilinear<9, 2160, 3840, 1, 2160, 3840, 1, 9>' completely with a factor of 5 (/home/danishkb8/shared/projects/resizer/ip/vitis_lib/vision/L1/include/imgproc/xf_resize_nn_bilinear.hpp:444:17)
INFO: [HLS 214-186] Unrolling loop 'anonymous' (/home/danishkb8/shared/projects/resizer/ip/vitis_lib/vision/L1/include/imgproc/xf_resize_nn_bilinear.hpp:457:21) in function 'resizeNNBilinear<9, 2160, 3840, 1, 2160, 3840, 1, 9>' completely with a factor of 5 (/home/danishkb8/shared/projects/resizer/ip/vitis_lib/vision/L1/include/imgproc/xf_resize_nn_bilinear.hpp:457:21)
INFO: [HLS 214-186] Unrolling loop 'anonymous' (/home/danishkb8/shared/projects/resizer/ip/vitis_lib/vision/L1/include/imgproc/xf_resize_nn_bilinear.hpp:423:17) in function 'resizeNNBilinear<9, 2160, 3840, 1, 2160, 3840, 1, 9>' completely with a factor of 5 (/home/danishkb8/shared/projects/resizer/ip/vitis_lib/vision/L1/include/imgproc/xf_resize_nn_bilinear.hpp:423:17)
INFO: [HLS 214-186] Unrolling loop 'anonymous' (/home/danishkb8/shared/projects/resizer/ip/vitis_lib/vision/L1/include/imgproc/xf_resize_nn_bilinear.hpp:436:21) in function 'resizeNNBilinear<9, 2160, 3840, 1, 2160, 3840, 1, 9>' completely with a factor of 5 (/home/danishkb8/shared/projects/resizer/ip/vitis_lib/vision/L1/include/imgproc/xf_resize_nn_bilinear.hpp:436:21)
INFO: [HLS 214-186] Unrolling loop 'anonymous' (/home/danishkb8/shared/projects/resizer/ip/vitis_lib/vision/L1/include/imgproc/xf_resize_nn_bilinear.hpp:491:25) in function 'resizeNNBilinear<9, 2160, 3840, 1, 2160, 3840, 1, 9>' completely with a factor of 9 (/home/danishkb8/shared/projects/resizer/ip/vitis_lib/vision/L1/include/imgproc/xf_resize_nn_bilinear.hpp:491:25)
INFO: [HLS 214-186] Unrolling loop 'anonymous' (/home/danishkb8/shared/projects/resizer/ip/vitis_lib/vision/L1/include/imgproc/xf_resize_nn_bilinear.hpp:99:2) in function 'resizeNNBilinear<9, 2160, 3840, 1, 2160, 3840, 1, 9>' completely with a factor of 9 (/home/danishkb8/shared/projects/resizer/ip/vitis_lib/vision/L1/include/imgproc/xf_resize_nn_bilinear.hpp:99:2)
INFO: [HLS 214-186] Unrolling loop 'anonymous' (/home/danishkb8/shared/projects/resizer/ip/vitis_lib/vision/L1/include/imgproc/xf_resize_nn_bilinear.hpp:103:2) in function 'resizeNNBilinear<9, 2160, 3840, 1, 2160, 3840, 1, 9>' completely with a factor of 1 (/home/danishkb8/shared/projects/resizer/ip/vitis_lib/vision/L1/include/imgproc/xf_resize_nn_bilinear.hpp:103:2)
INFO: [HLS 214-186] Unrolling loop 'anonymous' (/home/danishkb8/shared/projects/resizer/ip/vitis_lib/vision/L1/include/imgproc/xf_resize_nn_bilinear.hpp:103:2) in function 'resizeNNBilinear<9, 2160, 3840, 1, 2160, 3840, 1, 9>' completely with a factor of 1 (/home/danishkb8/shared/projects/resizer/ip/vitis_lib/vision/L1/include/imgproc/xf_resize_nn_bilinear.hpp:103:2)
INFO: [HLS 214-186] Unrolling loop 'anonymous' (/home/danishkb8/shared/projects/resizer/ip/vitis_lib/vision/L1/include/imgproc/xf_resize_nn_bilinear.hpp:103:2) in function 'resizeNNBilinear<9, 2160, 3840, 1, 2160, 3840, 1, 9>' completely with a factor of 1 (/home/danishkb8/shared/projects/resizer/ip/vitis_lib/vision/L1/include/imgproc/xf_resize_nn_bilinear.hpp:103:2)
INFO: [HLS 214-186] Unrolling loop 'anonymous' (/home/danishkb8/shared/projects/resizer/ip/vitis_lib/vision/L1/include/imgproc/xf_resize_nn_bilinear.hpp:103:2) in function 'resizeNNBilinear<9, 2160, 3840, 1, 2160, 3840, 1, 9>' completely with a factor of 1 (/home/danishkb8/shared/projects/resizer/ip/vitis_lib/vision/L1/include/imgproc/xf_resize_nn_bilinear.hpp:103:2)
INFO: [HLS 214-186] Unrolling loop 'anonymous' (/home/danishkb8/shared/projects/resizer/ip/vitis_lib/vision/L1/include/imgproc/xf_resize_nn_bilinear.hpp:103:2) in function 'resizeNNBilinear<9, 2160, 3840, 1, 2160, 3840, 1, 9>' completely with a factor of 1 (/home/danishkb8/shared/projects/resizer/ip/vitis_lib/vision/L1/include/imgproc/xf_resize_nn_bilinear.hpp:103:2)
INFO: [HLS 214-186] Unrolling loop 'anonymous' (/home/danishkb8/shared/projects/resizer/ip/vitis_lib/vision/L1/include/imgproc/xf_resize_nn_bilinear.hpp:103:2) in function 'resizeNNBilinear<9, 2160, 3840, 1, 2160, 3840, 1, 9>' completely with a factor of 1 (/home/danishkb8/shared/projects/resizer/ip/vitis_lib/vision/L1/include/imgproc/xf_resize_nn_bilinear.hpp:103:2)
INFO: [HLS 214-186] Unrolling loop 'anonymous' (/home/danishkb8/shared/projects/resizer/ip/vitis_lib/vision/L1/include/imgproc/xf_resize_nn_bilinear.hpp:103:2) in function 'resizeNNBilinear<9, 2160, 3840, 1, 2160, 3840, 1, 9>' completely with a factor of 1 (/home/danishkb8/shared/projects/resizer/ip/vitis_lib/vision/L1/include/imgproc/xf_resize_nn_bilinear.hpp:103:2)
INFO: [HLS 214-186] Unrolling loop 'anonymous' (/home/danishkb8/shared/projects/resizer/ip/vitis_lib/vision/L1/include/imgproc/xf_resize_nn_bilinear.hpp:103:2) in function 'resizeNNBilinear<9, 2160, 3840, 1, 2160, 3840, 1, 9>' completely with a factor of 1 (/home/danishkb8/shared/projects/resizer/ip/vitis_lib/vision/L1/include/imgproc/xf_resize_nn_bilinear.hpp:103:2)
INFO: [HLS 214-186] Unrolling loop 'anonymous' (/home/danishkb8/shared/projects/resizer/ip/vitis_lib/vision/L1/include/imgproc/xf_resize_nn_bilinear.hpp:103:2) in function 'resizeNNBilinear<9, 2160, 3840, 1, 2160, 3840, 1, 9>' completely with a factor of 1 (/home/danishkb8/shared/projects/resizer/ip/vitis_lib/vision/L1/include/imgproc/xf_resize_nn_bilinear.hpp:103:2)
INFO: [HLS 214-186] Unrolling loop 'anonymous' (/home/danishkb8/shared/projects/resizer/ip/vitis_lib/vision/L1/include/imgproc/xf_resize_nn_bilinear.hpp:115:5) in function 'resizeNNBilinear<9, 2160, 3840, 1, 2160, 3840, 1, 9>' completely with a factor of 1 (/home/danishkb8/shared/projects/resizer/ip/vitis_lib/vision/L1/include/imgproc/xf_resize_nn_bilinear.hpp:115:5)
INFO: [HLS 214-186] Unrolling loop 'anonymous' (/home/danishkb8/shared/projects/resizer/ip/vitis_lib/vision/L1/include/imgproc/xf_resize_nn_bilinear.hpp:120:2) in function 'resizeNNBilinear<9, 2160, 3840, 1, 2160, 3840, 1, 9>' completely with a factor of 3 (/home/danishkb8/shared/projects/resizer/ip/vitis_lib/vision/L1/include/imgproc/xf_resize_nn_bilinear.hpp:120:2)
INFO: [HLS 214-186] Unrolling loop 'anonymous' (/home/danishkb8/shared/projects/resizer/ip/vitis_lib/vision/L1/include/imgproc/xf_resize_nn_bilinear.hpp:132:2) in function 'resizeNNBilinear<9, 2160, 3840, 1, 2160, 3840, 1, 9>' completely with a factor of 9 (/home/danishkb8/shared/projects/resizer/ip/vitis_lib/vision/L1/include/imgproc/xf_resize_nn_bilinear.hpp:132:2)
INFO: [HLS 214-186] Unrolling loop 'anonymous' (/home/danishkb8/shared/projects/resizer/ip/vitis_lib/vision/L1/include/imgproc/xf_resize_nn_bilinear.hpp:132:2) in function 'resizeNNBilinear<9, 2160, 3840, 1, 2160, 3840, 1, 9>' completely with a factor of 9 (/home/danishkb8/shared/projects/resizer/ip/vitis_lib/vision/L1/include/imgproc/xf_resize_nn_bilinear.hpp:132:2)
INFO: [HLS 214-186] Unrolling loop 'anonymous' (/home/danishkb8/shared/projects/resizer/ip/vitis_lib/vision/L1/include/imgproc/xf_resize_nn_bilinear.hpp:132:2) in function 'resizeNNBilinear<9, 2160, 3840, 1, 2160, 3840, 1, 9>' completely with a factor of 9 (/home/danishkb8/shared/projects/resizer/ip/vitis_lib/vision/L1/include/imgproc/xf_resize_nn_bilinear.hpp:132:2)
INFO: [HLS 214-186] Unrolling loop 'anonymous' (/home/danishkb8/shared/projects/resizer/ip/vitis_lib/vision/L1/include/imgproc/xf_resize_nn_bilinear.hpp:148:5) in function 'resizeNNBilinear<9, 2160, 3840, 1, 2160, 3840, 1, 9>' completely with a factor of 1 (/home/danishkb8/shared/projects/resizer/ip/vitis_lib/vision/L1/include/imgproc/xf_resize_nn_bilinear.hpp:148:5)
INFO: [HLS 214-178] Inlining function 'xf::cv::Mat<9, 2160, 3840, 1, 2>::write(int, ap_uint<24>)' into 'void axis2xfMat<24, 9, 2160, 3840, 1>(hls::stream<hls::axis<ap_uint<24>, 1ul, 1ul, 1ul>, 0>&, xf::cv::Mat<9, 2160, 3840, 1, 2>&)' (src/xf_resize_accel_stream.cpp:33:0)
INFO: [HLS 214-178] Inlining function 'xf::cv::Mat<9, 2160, 3840, 1, 2>::read(int)' into 'void resizeNNBilinear<9, 2160, 3840, 1, 2160, 3840, 1, 9>(xf::cv::Mat<9, 2160, 3840, 1, 2>&, xf::cv::Mat<9, 2160, 3840, 1, 2>&)' (/home/danishkb8/shared/projects/resizer/ip/vitis_lib/vision/L1/include/imgproc/xf_resize_nn_bilinear.hpp:277:0)
INFO: [HLS 214-178] Inlining function 'void computeInterpolation<1, 42, 20, 17, 48, 16, 48, 16, 1>(int, int, int, int, ap_ufixed<48, 16, (ap_q_mode)5, (ap_o_mode)3, 0>, ap_fixed<42, 20, (ap_q_mode)5, (ap_o_mode)3, 0>*, ap_ufixed<48, 16, (ap_q_mode)5, (ap_o_mode)3, 0>, ap_uint<17>*, ap_uint<17>&, ap_uint<17>&, ap_ufixed<48, 16, (ap_q_mode)5, (ap_o_mode)3, 0>*, ap_ufixed<48, 16, (ap_q_mode)5, (ap_o_mode)3, 0>&, ap_fixed<42, 20, (ap_q_mode)5, (ap_o_mode)3, 0>, ap_fixed<42, 20, (ap_q_mode)5, (ap_o_mode)3, 0>)' into 'void resizeNNBilinear<9, 2160, 3840, 1, 2160, 3840, 1, 9>(xf::cv::Mat<9, 2160, 3840, 1, 2>&, xf::cv::Mat<9, 2160, 3840, 1, 2>&)' (/home/danishkb8/shared/projects/resizer/ip/vitis_lib/vision/L1/include/imgproc/xf_resize_nn_bilinear.hpp:277:0)
INFO: [HLS 214-178] Inlining function 'xf::cv::Mat<9, 2160, 3840, 1, 2>::write(int, ap_uint<24>)' into 'void resizeNNBilinear<9, 2160, 3840, 1, 2160, 3840, 1, 9>(xf::cv::Mat<9, 2160, 3840, 1, 2>&, xf::cv::Mat<9, 2160, 3840, 1, 2>&)' (/home/danishkb8/shared/projects/resizer/ip/vitis_lib/vision/L1/include/imgproc/xf_resize_nn_bilinear.hpp:277:0)
INFO: [HLS 214-178] Inlining function 'xf::cv::Mat<9, 2160, 3840, 1, 2>::read(int)' into 'void xfMat2axis<24, 9, 2160, 3840, 1>(xf::cv::Mat<9, 2160, 3840, 1, 2>&, hls::stream<hls::axis<ap_uint<24>, 1ul, 1ul, 1ul>, 0>&)' (src/xf_resize_accel_stream.cpp:58:0)
INFO: [HLS 214-131] Inlining function '_llvm.fpga.pack.none.i24.s_struct.ap_uints' into 'void resizeNNBilinear<9, 2160, 3840, 1, 2160, 3840, 1, 9>(xf::cv::Mat<9, 2160, 3840, 1, 2>&, xf::cv::Mat<9, 2160, 3840, 1, 2>&)'
INFO: [HLS 200-111] Finished Compiling Optimization and Transform: CPU user time: 9.76 seconds. CPU system time: 0.89 seconds. Elapsed time: 12.53 seconds; current allocated memory: 211.895 MB.
INFO: [HLS 200-111] Finished Checking Pragmas: CPU user time: 0 seconds. CPU system time: 0.01 seconds. Elapsed time: 0.01 seconds; current allocated memory: 211.897 MB.
INFO: [HLS 200-10] Starting code transformations ...
INFO: [HLS 200-111] Finished Standard Transforms: CPU user time: 0.45 seconds. CPU system time: 0.15 seconds. Elapsed time: 0.94 seconds; current allocated memory: 240.610 MB.
INFO: [HLS 200-10] Checking synthesizability ...
WARNING: [SYNCHK 200-77] The top function 'resize_accel' (src/xf_resize_accel_stream.cpp:92) has no outputs. Possible cause(s) are: (1) Output parameters are passed by value; (2) intended outputs (parameters or global variables) are never written; (3) there are infinite loops.
INFO: [SYNCHK 200-10] 0 error(s), 1 warning(s).
INFO: [HLS 200-111] Finished Checking Synthesizability: CPU user time: 0.6 seconds. CPU system time: 0.1 seconds. Elapsed time: 0.95 seconds; current allocated memory: 276.480 MB.
WARNING: [HLS 200-786] Detected dataflow-on-top in function  'resize_accel' (src/xf_resize_accel_stream.cpp:92)  with default interface mode 'ap_ctrl_hs'. Overlapped execution of successive kernel calls will not happen unless interface mode 'ap_ctrl_chain' is used (or 'ap_ctrl_none' for a purely data-driven design).
Resolution: For help on HLS 200-786 see www.xilinx.com/cgi-bin/docs/rdoc?v=2020.2;t=hls+guidance;d=200-786.html
INFO: [XFORM 203-712] Applying dataflow to function 'resize_accel' (src/xf_resize_accel_stream.cpp:92), detected/extracted 0 process function(s): .
INFO: [HLS 200-111] Finished Loop, function and other optimizations: CPU user time: 0.81 seconds. CPU system time: 0.14 seconds. Elapsed time: 1.22 seconds; current allocated memory: 335.943 MB.
ERROR: [HLS 200-474] Empty dataflow region in resize_accel (it may have been optimized away due to the absence of outputs)
ERROR: [HLS 200-70] Failed building synthesis data model.
INFO: [HLS 200-111] Finished Command csynth_design CPU user time: 30.11 seconds. CPU system time: 2.14 seconds. Elapsed time: 36.14 seconds; current allocated memory: 343.665 MB.
command 'ap_source' returned error code
    while executing
"source build.tcl"
    ("uplevel" body line 1)
    invoked from within
"uplevel \#0 [list source $arg] "

INFO: [HLS 200-112] Total CPU user time: 34.94 seconds. Total CPU system time: 3.53 seconds. Total elapsed time: 40.28 seconds; peak allocated memory: 335.943 MB.
INFO: [Common 17-206] Exiting vitis_hls at Tue Aug  6 09:16:39 2024...
