#-----------------------------------------------------------
# xsim v2020.2 (64-bit)
# SW Build 3064766 on Wed Nov 18 09:12:47 MST 2020
# IP Build 3064653 on Wed Nov 18 14:17:31 MST 2020
# Start of session at: Thu Aug  8 21:22:38 2024
# Process ID: 9694
# Current directory: /home/danishkb8/Projects/build/am/ip/am_ip/solution1/sim/verilog
# Command line: xsim -mode tcl -source {xsim.dir/am_accel/xsim_script.tcl}
# Log file: /home/danishkb8/Projects/build/am/ip/am_ip/solution1/sim/verilog/xsim.log
# Journal file: /home/danishkb8/Projects/build/am/ip/am_ip/solution1/sim/verilog/xsim.jou
#-----------------------------------------------------------
source xsim.dir/am_accel/xsim_script.tcl
# xsim {am_accel} -autoloadwcfg -tclbatch {am_accel.tcl}
Vivado Simulator 2020.2
Time resolution is 1 ps
source am_accel.tcl
## run all
////////////////////////////////////////////////////////////////////////////////////
// Inter-Transaction Progress: Completed Transaction / Total Transaction
// Intra-Transaction Progress: Measured Latency / Latency Estimation * 100%
//
// RTL Simulation : "Inter-Transaction Progress" ["Intra-Transaction Progress"] @ "Simulation Time"
////////////////////////////////////////////////////////////////////////////////////
// RTL Simulation : 0 / 1 [n/a] @ "125000"
// RTL Simulation : 1 / 1 [n/a] @ "485000"
////////////////////////////////////////////////////////////////////////////////////
$finish called at time : 525 ns : File "/home/danishkb8/Projects/build/am/ip/am_ip/solution1/sim/verilog/am_accel.autotb.v" Line 546
## quit
INFO: [Common 17-206] Exiting xsim at Thu Aug  8 21:22:55 2024...
